\BOOKMARK [0][-]{section*.4}{\315NDICE}{}% 1
\BOOKMARK [0][-]{section*.5}{LISTA DE FIGURAS}{}% 2
\BOOKMARK [0][-]{section*.6}{LISTA DE TABLAS}{}% 3
\BOOKMARK [0][-]{chapter.7}{INTRODUCCI\323N}{}% 4
\BOOKMARK [1][-]{section.8}{Planteamiento del problema}{chapter.7}% 5
\BOOKMARK [1][-]{section.9}{Justificaci\363n del problema}{chapter.7}% 6
\BOOKMARK [1][-]{section.10}{Objetivos}{chapter.7}% 7
\BOOKMARK [1][-]{section.13}{Estado del Arte}{chapter.7}% 8
\BOOKMARK [1][-]{section.14}{Metodolog\355a del Trabajo}{chapter.7}% 9
\BOOKMARK [1][-]{section.15}{Organizaci\363n de la Tesis}{chapter.7}% 10
\BOOKMARK [0][-]{chapter.20}{MARCO TE\323RICO}{}% 11
\BOOKMARK [1][-]{section.21}{Web 2.0}{chapter.20}% 12
\BOOKMARK [1][-]{section.30}{Web Social y/o Web Semantic}{chapter.20}% 13
\BOOKMARK [1][-]{section.51}{Desarrollo Dirigido por Modelos}{chapter.20}% 14
\BOOKMARK [1][-]{section.53}{Web Modeling Language}{chapter.20}% 15
\BOOKMARK [1][-]{section.56}{Trabajos Relacionados}{chapter.20}% 16
\BOOKMARK [0][-]{chapter.62}{PROPUESTA}{}% 17
\BOOKMARK [1][-]{section.66}{Comunicaci\363n}{chapter.62}% 18
\BOOKMARK [1][-]{section.72}{An\341lisis y Dise\361o: Modelado}{chapter.62}% 19
\BOOKMARK [1][-]{section.79}{Construcci\363n}{chapter.62}% 20
\BOOKMARK [0][-]{chapter.95}{CASO DE ESTUDIO}{}% 21
\BOOKMARK [1][-]{section.96}{Contexto}{chapter.95}% 22
\BOOKMARK [1][-]{section.97}{WRTA - An\341lisis de Requerimientos del Negocio}{chapter.95}% 23
\BOOKMARK [1][-]{section.106}{WRTA - An\341lisis de Requerimientos Sociales}{chapter.95}% 24
\BOOKMARK [1][-]{section.109}{WRTA - Dise\361o de Datos}{chapter.95}% 25
\BOOKMARK [1][-]{section.114}{WRTA - Dise\361o de Hipertexto}{chapter.95}% 26
\BOOKMARK [0][-]{chapter.128}{CONCLUSIONES}{}% 27
\BOOKMARK [0][-]{appendix.129}{MODELADO DE CUSTOM UNITSDe Andreis \205 Andreis2010}{}% 28
\BOOKMARK [0][-]{appendix.130}{CODIFICACI\323N DE CUSTOM UNITS}{}% 29
\BOOKMARK [1][-]{section.131}{SocialLoginUnitService}{appendix.130}% 30
\BOOKMARK [1][-]{section.220}{GetSocialDataUnitService}{appendix.130}% 31
\BOOKMARK [1][-]{section.304}{SocialCommentUnitService}{appendix.130}% 32
\BOOKMARK [1][-]{section.337}{SocialGMapsUnitService}{appendix.130}% 33
\BOOKMARK [0][-]{section*.371}{BIBLIOGRAF\315A}{}% 34
