This is pdfTeX, Version 3.1415926-2.3-1.40.12 (TeX Live 2011) (format=pdflatex 2011.7.3)  18 AUG 2012 11:06
entering extended mode
 restricted \write18 enabled.
 Source specials enabled.
 %&-line parsing enabled.
**main.tex
(./main.tex
LaTeX2e <2009/09/24>
Babel <v3.8l> and hyphenation patterns for english, dumylang, nohyphenation, ge
rman-x-2009-06-19, ngerman-x-2009-06-19, afrikaans, ancientgreek, ibycus, arabi
c, armenian, basque, bulgarian, catalan, pinyin, coptic, croatian, czech, danis
h, dutch, ukenglish, usenglishmax, esperanto, estonian, ethiopic, farsi, finnis
h, french, galician, german, ngerman, swissgerman, monogreek, greek, hungarian,
 icelandic, assamese, bengali, gujarati, hindi, kannada, malayalam, marathi, or
iya, panjabi, tamil, telugu, indonesian, interlingua, irish, italian, kurmanji,
 lao, latin, latvian, lithuanian, mongolian, mongolianlmc, bokmal, nynorsk, pol
ish, portuguese, romanian, russian, sanskrit, serbian, serbianc, slovak, sloven
ian, spanish, swedish, turkish, turkmen, ukrainian, uppersorbian, welsh, loaded
.
(/usr/local/texlive/2011/texmf-dist/tex/latex/memoir/memoir.cls
Document Class: memoir 2011/03/06 v3.6j configurable book, report, article docu
ment class
\onelineskip=\skip41
\lxvchars=\skip42
\xlvchars=\skip43
\@memcnta=\count79
\c@@memmarkcntra=\count80
(/usr/local/texlive/2011/texmf-dist/tex/generic/oberdiek/ifpdf.sty
Package: ifpdf 2011/01/30 v2.3 Provides the ifpdf switch (HO)
Package ifpdf Info: pdfTeX in PDF mode is detected.
)
Class memoir Info: An `ifetex' package is being emulated on input line 251.

(/usr/local/texlive/2011/texmf-dist/tex/generic/ifxetex/ifxetex.sty
Package: ifxetex 2010/09/12 v0.6 Provides ifxetex conditional
)
(/usr/local/texlive/2011/texmf-dist/tex/generic/oberdiek/ifluatex.sty
Package: ifluatex 2010/03/01 v1.3 Provides the ifluatex switch (HO)
Package ifluatex Info: LuaTeX not detected.
)
\stockheight=\skip44
\stockwidth=\skip45
\trimtop=\skip46
\trimedge=\skip47

(/usr/local/texlive/2011/texmf-dist/tex/latex/etex-pkg/etex.sty
Package: etex 1998/03/26 v2.0 eTeX basic definition package (PEB)
\et@xins=\count81
)
(/usr/local/texlive/2011/texmf-dist/tex/latex/memoir/mem12.clo
File: mem12.clo 2010/10/19 v0.4b memoir class 12pt size option
)
\binding=\skip48
\spinemargin=\skip49
\foremargin=\skip50
\uppermargin=\skip51
\lowermargin=\skip52
\headdrop=\skip53
\normalrulethickness=\skip54
\mem@maxheadheight=\skip55
\mem@maxfootheight=\skip56
\headwidth=\skip57
\c@storedpagenumber=\count82
\memPD=\dimen102
\m@mabparskip=\skip58
\thanksmarkwidth=\skip59
\thanksmarksep=\skip60
\droptitle=\skip61
\c@book=\count83
\c@part=\count84
\c@chapter=\count85
\c@section=\count86
\c@subsection=\count87
\c@subsubsection=\count88
\c@paragraph=\count89
\c@subparagraph=\count90
\beforechapskip=\skip62
\midchapskip=\skip63
\afterchapskip=\skip64
\chapindent=\skip65
\bottomsectionskip=\skip66
\secindent=\skip67
\beforesecskip=\skip68
\aftersecskip=\skip69
\subsecindent=\skip70
\beforesubsecskip=\skip71
\aftersubsecskip=\skip72
\subsubsecindent=\skip73
\beforesubsubsecskip=\skip74
\aftersubsubsecskip=\skip75
\paraindent=\skip76
\beforeparaskip=\skip77
\afterparaskip=\skip78
\subparaindent=\skip79
\beforesubparaskip=\skip80
\aftersubparaskip=\skip81
\pfbreakskip=\skip82
\c@@ppsavesec=\count91
\c@@ppsaveapp=\count92
\ragrparindent=\dimen103
\everylistparindent=\dimen104
\parsepi=\skip83
\topsepi=\skip84
\itemsepi=\skip85
\parsepii=\skip86
\topsepii=\skip87
\topsepiii=\skip88
\itemsepii=\skip89
\itemsepiii=\skip90
\partopsepii=\skip91
\partopsepiii=\skip92
\m@msavetopsep=\skip93
\m@msavepartopsep=\skip94
\@enLab=\toks14
\abstitleskip=\skip95
\absleftindent=\skip96
\abs@leftindent=\dimen105
\absrightindent=\skip97
\absparindent=\skip98
\absparsep=\skip99
\c@vslineno=\count93
\c@poemline=\count94
\c@modulo@vs=\count95
\c@memfvsline=\count96
\vleftskip=\skip100
\vrightskip=\skip101
\stanzaskip=\skip102
\versewidth=\skip103
\vgap=\skip104
\vindent=\skip105
\vleftmargin=\dimen106
\c@verse=\count97
\c@chrsinstr=\count98
\beforepoemtitleskip=\skip106
\afterpoemtitleskip=\skip107
\c@poem=\count99
\beforePoemTitleskip=\skip108
\midPoemTitleskip=\skip109
\afterPoemTitleskip=\skip110
\col@sep=\dimen107
\extrarowheight=\dimen108
\NC@list=\toks15
\extratabsurround=\skip111
\backup@length=\skip112
\TX@col@width=\dimen109
\TX@old@table=\dimen110
\TX@old@col=\dimen111
\TX@target=\dimen112
\TX@delta=\dimen113
\TX@cols=\count100
\TX@ftn=\toks16
\heavyrulewidth=\dimen114
\lightrulewidth=\dimen115
\cmidrulewidth=\dimen116
\belowrulesep=\dimen117
\belowbottomsep=\dimen118
\aboverulesep=\dimen119
\abovetopsep=\dimen120
\cmidrulesep=\dimen121
\cmidrulekern=\dimen122
\defaultaddspace=\dimen123
\@cmidla=\count101
\@cmidlb=\count102
\@aboverulesep=\dimen124
\@belowrulesep=\dimen125
\@thisruleclass=\count103
\@lastruleclass=\count104
\@thisrulewidth=\dimen126
\ctableftskip=\skip113
\ctabrightskip=\skip114
\abovecolumnspenalty=\count105
\@linestogo=\count106
\@cellstogo=\count107
\@cellsincolumn=\count108
\crtok=\toks17
\@mincolumnwidth=\dimen127
\c@newflo@tctr=\count109
\mem@margin@floatbox=\box26
\@contcwidth=\skip115
\@contindw=\skip116
\abovecaptionskip=\skip117
\belowcaptionskip=\skip118
\subfloattopskip=\skip119
\subfloatcapskip=\skip120
\subfloatcaptopadj=\skip121
\subfloatbottomskip=\skip122
\subfloatlabelskip=\skip123
\subfloatcapmargin=\dimen128
\c@@contsubnum=\count110
\m@mscap@capbox=\box27
\m@mscap@fbox=\box28
\sidecapsep=\dimen129
\sidecapwidth=\dimen130
\m@m@tempdima=\dimen131
\m@mscapraise=\dimen132
\sidecapraise=\dimen133
\m@mscapmainwidth=\dimen134
\m@mscaplkern=\dimen135
\beforeepigraphskip=\skip124
\afterepigraphskip=\skip125
\epigraphwidth=\skip126
\epigraphrule=\skip127
LaTeX Info: Redefining \em on input line 7377.
LaTeX Info: Redefining \emph on input line 7385.
\tocentryskip=\skip128
\tocbaseline=\skip129
\cftparskip=\skip130
\cftbeforebookskip=\skip131
\cftbookindent=\dimen136
\cftbooknumwidth=\dimen137
\cftbeforepartskip=\skip132
\cftpartindent=\skip133
\cftpartnumwidth=\skip134
\cftbeforechapterskip=\skip135
\cftchapterindent=\skip136
\cftchapternumwidth=\skip137
\cftbeforesectionskip=\skip138
\cftsectionindent=\skip139
\cftsectionnumwidth=\skip140
\cftbeforesubsectionskip=\skip141
\cftsubsectionindent=\skip142
\cftsubsectionnumwidth=\skip143
\cftbeforesubsubsectionskip=\skip144
\cftsubsubsectionindent=\skip145
\cftsubsubsectionnumwidth=\skip146
\cftbeforeparagraphskip=\skip147
\cftparagraphindent=\skip148
\cftparagraphnumwidth=\skip149
\cftbeforesubparagraphskip=\skip150
\cftsubparagraphindent=\skip151
\cftsubparagraphnumwidth=\skip152
\prechapterprecisshift=\dimen138
\c@maxsecnumdepth=\count111
\bibindent=\dimen139
\bibitemsep=\skip153
\indexcolsep=\skip154
\indexrule=\skip155
\indexmarkstyle=\toks18
\@indexbox=\insert233
\glossarycolsep=\dimen140
\glossaryrule=\dimen141
\sideparvshift=\skip156
\sideins=\insert232
\sidebartopsep=\skip157
\sidebarhsep=\skip158
\sidebarvsep=\skip159
\sidebarwidth=\skip160
\footmarkwidth=\skip161
\footmarksep=\skip162
\footparindent=\skip163
\footinsdim=\skip164
\footinsv@r=\insert231
\@mpfootinsv@r=\insert230
\m@m@k=\count112
\m@m@h=\dimen142
\m@mipn@skip=\skip165
\sidefootins=\insert229
\sidefootadjust=\skip166
\sidefootheight=\skip167
\sidefoothsep=\skip168
\sidefootvsep=\skip169
\sidefootwidth=\skip170
\m@mdownsf=\skip171
\c@sidefootnote=\count113
\sidefootmarkwidth=\skip172
\sidefootmarksep=\skip173
\sidefootparindent=\skip174
\c@pagenote=\count114
\c@pagenoteshadow=\count115
\mem@pn@lastkern=\skip175
\every@verbatim=\toks19
\afterevery@verbatim=\toks20
\verbatim@line=\toks21
\tab@position=\count116
\verbatim@in@stream=\read1
\verbatimindent=\skip176
\verbatim@out=\write3
\bvboxsep=\skip177
\c@memfbvline=\count117
\c@bvlinectr=\count118
\bvnumlength=\skip178
\fb@frw=\dimen143
\fb@frh=\dimen144
\FrameRule=\dimen145
\FrameSep=\dimen146
\c@cp@cntr=\count119
LaTeX Info: Redefining \: on input line 11807.
LaTeX Info: Redefining \! on input line 11809.
\c@ism@mctr=\count120
\c@xsm@mctr=\count121
\c@csm@mctr=\count122
\c@ksm@mctr=\count123
\c@xksm@mctr=\count124
\c@cksm@mctr=\count125
\c@msm@mctr=\count126
\c@xmsm@mctr=\count127
\c@cmsm@mctr=\count128
\c@bsm@mctr=\count129
\c@workm@mctr=\count130
\c@sheetsequence=\count131
\c@lastsheet=\count132
\c@lastpage=\count133
\c@figure=\count134
\c@lofdepth=\count135
\cftbeforefigureskip=\skip179
\cftfigureindent=\skip180
\cftfigurenumwidth=\skip181
\c@table=\count136
\c@lotdepth=\count137
\cftbeforetableskip=\skip182
\cfttableindent=\skip183
\cfttablenumwidth=\skip184
Package abstract [2008/07/23] emulated by memoir.
Package appendix [2008/07/23] emulated by memoir.
Package array [2008/07/23] emulated by memoir.
Package booktabs [2008/07/23] emulated by memoir.
Package ccaption [2008/07/23] emulated by memoir.
Package changepage [2008/07/23] emulated by memoir.
Package chngcntr [2008/07/23] emulated by memoir.
Package chngpage [2008/07/23] emulated by memoir.
Package crop emulated by memoir.
Package dcolumn [2008/07/23] emulated by memoir.
Package delarray [2008/07/23] emulated by memoir.
Package enumerate [2008/07/23] emulated by memoir.
Package epigraph [2008/07/23] emulated by memoir.
Package ifmtarg [2008/07/23] emulated by memoir.
Package ifetex [2008/07/23] emulated by memoir.
Package index [2008/07/23] emulated by memoir.
Package makeidx [2008/07/23] emulated by memoir.
Package moreverb [2008/07/23] emulated by memoir.
Package mparhack [2008/07/23] emulated by memoir.
Package needspace [2008/07/23] emulated by memoir.
Package newfile [2008/07/23] emulated by memoir.
Package nextpage [2008/07/23] emulated by memoir.
Package pagenote [2008/07/23] emulated by memoir.
Package parskip [2008/07/23] emulated by memoir.
Package patchcmd [2008/07/23] emulated by memoir.
Package setspace [2008/07/23] emulated by memoir.
Package shortvrb [2008/07/23] emulated by memoir.
Package showidx [2008/07/23] emulated by memoir.
Package tabularx [2008/07/23] emulated by memoir.
Package titleref [2008/07/23] emulated by memoir.
Package titling [2008/07/23] emulated by memoir.
Package tocbibind [2008/07/23] emulated by memoir.
Package tocloft [2008/07/23] emulated by memoir.
Package tocvsec2 [2008/07/23] emulated by memoir.
Package verbatim [2008/07/23] emulated by memoir.
Package verse [2008/07/23] emulated by memoir.

(/usr/local/texlive/2011/texmf-dist/tex/latex/memoir/mempatch.sty
Package: mempatch 2009/07/24 v6.0f Patches for memoir class v1.6180339
))
(/usr/local/texlive/2011/texmf-dist/tex/latex/geometry/geometry.sty
Package: geometry 2010/09/12 v5.6 Page Geometry

(/usr/local/texlive/2011/texmf-dist/tex/latex/graphics/keyval.sty
Package: keyval 1999/03/16 v1.13 key=value parser (DPC)
\KV@toks@=\toks22
)
(/usr/local/texlive/2011/texmf-dist/tex/generic/oberdiek/ifvtex.sty
Package: ifvtex 2010/03/01 v1.5 Switches for detecting VTeX and its modes (HO)
Package ifvtex Info: VTeX not detected.
)
\Gm@cnth=\count138
\Gm@cntv=\count139
\c@Gm@tempcnt=\count140
\Gm@bindingoffset=\dimen147
\Gm@wd@mp=\dimen148
\Gm@odd@mp=\dimen149
\Gm@even@mp=\dimen150
\Gm@layoutwidth=\dimen151
\Gm@layoutheight=\dimen152
\Gm@layouthoffset=\dimen153
\Gm@layoutvoffset=\dimen154
\Gm@dimlist=\toks23
)
(./preamble.tex (/usr/local/texlive/2011/texmf-dist/tex/latex/base/inputenc.sty
Package: inputenc 2008/03/30 v1.1d Input encoding file
\inpenc@prehook=\toks24
\inpenc@posthook=\toks25
(/usr/local/texlive/2011/texmf-dist/tex/latex/base/latin1.def
File: latin1.def 2008/03/30 v1.1d Input encoding file
))
(/usr/local/texlive/2011/texmf-dist/tex/generic/babel/babel.sty
Package: babel 2008/07/06 v3.8l The Babel package

(/usr/local/texlive/2011/texmf-dist/tex/generic/babel/spanish.ldf
Language: spanish.ldf 2009/01/02 v5.0h Spanish support from the babel system

(/usr/local/texlive/2011/texmf-dist/tex/generic/babel/babel.def
File: babel.def 2008/07/06 v3.8l Babel common definitions
\babel@savecnt=\count141
\U@D=\dimen155
)
\es@datefmt=\count142
\es@quottoks=\toks26
\es@quotdepth=\count143
Package babel Info: Making " an active character on input line 492.
Package babel Info: Making . an active character on input line 585.
Package babel Info: Making < an active character on input line 630.
Package babel Info: Making > an active character on input line 630.
))
(/usr/local/texlive/2011/texmf-dist/tex/latex/base/fontenc.sty
Package: fontenc 2005/09/27 v1.99g Standard LaTeX package

(/usr/local/texlive/2011/texmf-dist/tex/latex/base/t1enc.def
File: t1enc.def 2005/09/27 v1.99g Standard LaTeX file
LaTeX Font Info:    Redeclaring font encoding T1 on input line 43.
))
(/usr/local/texlive/2011/texmf-dist/tex/latex/base/textcomp.sty
Package: textcomp 2005/09/27 v1.99g Standard LaTeX package
Package textcomp Info: Sub-encoding information:
(textcomp)               5 = only ISO-Adobe without \textcurrency
(textcomp)               4 = 5 + \texteuro
(textcomp)               3 = 4 + \textohm
(textcomp)               2 = 3 + \textestimated + \textcurrency
(textcomp)               1 = TS1 - \textcircled - \t
(textcomp)               0 = TS1 (full)
(textcomp)             Font families with sub-encoding setting implement
(textcomp)             only a restricted character set as indicated.
(textcomp)             Family '?' is the default used for unknown fonts.
(textcomp)             See the documentation for details.
Package textcomp Info: Setting ? sub-encoding to TS1/1 on input line 71.

(/usr/local/texlive/2011/texmf-dist/tex/latex/base/ts1enc.def
File: ts1enc.def 2001/06/05 v3.0e (jk/car/fm) Standard LaTeX file
)
LaTeX Info: Redefining \oldstylenums on input line 266.
Package textcomp Info: Setting cmr sub-encoding to TS1/0 on input line 281.
Package textcomp Info: Setting cmss sub-encoding to TS1/0 on input line 282.
Package textcomp Info: Setting cmtt sub-encoding to TS1/0 on input line 283.
Package textcomp Info: Setting cmvtt sub-encoding to TS1/0 on input line 284.
Package textcomp Info: Setting cmbr sub-encoding to TS1/0 on input line 285.
Package textcomp Info: Setting cmtl sub-encoding to TS1/0 on input line 286.
Package textcomp Info: Setting ccr sub-encoding to TS1/0 on input line 287.
Package textcomp Info: Setting ptm sub-encoding to TS1/4 on input line 288.
Package textcomp Info: Setting pcr sub-encoding to TS1/4 on input line 289.
Package textcomp Info: Setting phv sub-encoding to TS1/4 on input line 290.
Package textcomp Info: Setting ppl sub-encoding to TS1/3 on input line 291.
Package textcomp Info: Setting pag sub-encoding to TS1/4 on input line 292.
Package textcomp Info: Setting pbk sub-encoding to TS1/4 on input line 293.
Package textcomp Info: Setting pnc sub-encoding to TS1/4 on input line 294.
Package textcomp Info: Setting pzc sub-encoding to TS1/4 on input line 295.
Package textcomp Info: Setting bch sub-encoding to TS1/4 on input line 296.
Package textcomp Info: Setting put sub-encoding to TS1/5 on input line 297.
Package textcomp Info: Setting uag sub-encoding to TS1/5 on input line 298.
Package textcomp Info: Setting ugq sub-encoding to TS1/5 on input line 299.
Package textcomp Info: Setting ul8 sub-encoding to TS1/4 on input line 300.
Package textcomp Info: Setting ul9 sub-encoding to TS1/4 on input line 301.
Package textcomp Info: Setting augie sub-encoding to TS1/5 on input line 302.
Package textcomp Info: Setting dayrom sub-encoding to TS1/3 on input line 303.
Package textcomp Info: Setting dayroms sub-encoding to TS1/3 on input line 304.

Package textcomp Info: Setting pxr sub-encoding to TS1/0 on input line 305.
Package textcomp Info: Setting pxss sub-encoding to TS1/0 on input line 306.
Package textcomp Info: Setting pxtt sub-encoding to TS1/0 on input line 307.
Package textcomp Info: Setting txr sub-encoding to TS1/0 on input line 308.
Package textcomp Info: Setting txss sub-encoding to TS1/0 on input line 309.
Package textcomp Info: Setting txtt sub-encoding to TS1/0 on input line 310.
Package textcomp Info: Setting futs sub-encoding to TS1/4 on input line 311.
Package textcomp Info: Setting futx sub-encoding to TS1/4 on input line 312.
Package textcomp Info: Setting futj sub-encoding to TS1/4 on input line 313.
Package textcomp Info: Setting hlh sub-encoding to TS1/3 on input line 314.
Package textcomp Info: Setting hls sub-encoding to TS1/3 on input line 315.
Package textcomp Info: Setting hlst sub-encoding to TS1/3 on input line 316.
Package textcomp Info: Setting hlct sub-encoding to TS1/5 on input line 317.
Package textcomp Info: Setting hlx sub-encoding to TS1/5 on input line 318.
Package textcomp Info: Setting hlce sub-encoding to TS1/5 on input line 319.
Package textcomp Info: Setting hlcn sub-encoding to TS1/5 on input line 320.
Package textcomp Info: Setting hlcw sub-encoding to TS1/5 on input line 321.
Package textcomp Info: Setting hlcf sub-encoding to TS1/5 on input line 322.
Package textcomp Info: Setting pplx sub-encoding to TS1/3 on input line 323.
Package textcomp Info: Setting pplj sub-encoding to TS1/3 on input line 324.
Package textcomp Info: Setting ptmx sub-encoding to TS1/4 on input line 325.
Package textcomp Info: Setting ptmj sub-encoding to TS1/4 on input line 326.
)
(/usr/local/texlive/2011/texmf-dist/tex/latex/psnfss/palatino.sty
Package: palatino 2005/04/12 PSNFSS-v9.2a (SPQR) 
)
(./acronym.sty
Package: acronym 2004/11/10 v1.17 Support for acronyms (Tobias Oetiker)
\clearlist=\toks27
)
(/usr/local/texlive/2011/texmf-dist/tex/latex/amsmath/amsmath.sty
Package: amsmath 2000/07/18 v2.13 AMS math features
\@mathmargin=\skip185

For additional information on amsmath, use the `?' option.
(/usr/local/texlive/2011/texmf-dist/tex/latex/amsmath/amstext.sty
Package: amstext 2000/06/29 v2.01

(/usr/local/texlive/2011/texmf-dist/tex/latex/amsmath/amsgen.sty
File: amsgen.sty 1999/11/30 v2.0
\@emptytoks=\toks28
\ex@=\dimen156
))
(/usr/local/texlive/2011/texmf-dist/tex/latex/amsmath/amsbsy.sty
Package: amsbsy 1999/11/29 v1.2d
\pmbraise@=\dimen157
)
(/usr/local/texlive/2011/texmf-dist/tex/latex/amsmath/amsopn.sty
Package: amsopn 1999/12/14 v2.01 operator names
)
\inf@bad=\count144
LaTeX Info: Redefining \frac on input line 211.
\uproot@=\count145
\leftroot@=\count146
LaTeX Info: Redefining \overline on input line 307.
\classnum@=\count147
\DOTSCASE@=\count148
LaTeX Info: Redefining \ldots on input line 379.
LaTeX Info: Redefining \dots on input line 382.
LaTeX Info: Redefining \cdots on input line 467.
\Mathstrutbox@=\box29
\strutbox@=\box30
\big@size=\dimen158
LaTeX Font Info:    Redeclaring font encoding OML on input line 567.
LaTeX Font Info:    Redeclaring font encoding OMS on input line 568.
\macc@depth=\count149
\c@MaxMatrixCols=\count150
\dotsspace@=\muskip10
\c@parentequation=\count151
\dspbrk@lvl=\count152
\tag@help=\toks29
\row@=\count153
\column@=\count154
\maxfields@=\count155
\andhelp@=\toks30
\eqnshift@=\dimen159
\alignsep@=\dimen160
\tagshift@=\dimen161
\tagwidth@=\dimen162
\totwidth@=\dimen163
\lineht@=\dimen164
\@envbody=\toks31
\multlinegap=\skip186
\multlinetaggap=\skip187
\mathdisplay@stack=\toks32
LaTeX Info: Redefining \[ on input line 2666.
LaTeX Info: Redefining \] on input line 2667.
)
(/usr/local/texlive/2011/texmf-dist/tex/latex/amsfonts/amssymb.sty
Package: amssymb 2009/06/22 v3.00

(/usr/local/texlive/2011/texmf-dist/tex/latex/amsfonts/amsfonts.sty
Package: amsfonts 2009/06/22 v3.00 Basic AMSFonts support
\symAMSa=\mathgroup4
\symAMSb=\mathgroup5
LaTeX Font Info:    Overwriting math alphabet `\mathfrak' in version `bold'
(Font)                  U/euf/m/n --> U/euf/b/n on input line 96.
))
(/usr/local/texlive/2011/texmf-dist/tex/latex/wasysym/wasysym.sty
Package: wasysym 2003/10/30 v2.0 Wasy-2 symbol support package
\symwasy=\mathgroup6
LaTeX Font Info:    Overwriting symbol font `wasy' in version `bold'
(Font)                  U/wasy/m/n --> U/wasy/b/n on input line 90.
)
(/usr/local/texlive/2011/texmf-dist/tex/latex/graphics/graphicx.sty
Package: graphicx 1999/02/16 v1.0f Enhanced LaTeX Graphics (DPC,SPQR)

(/usr/local/texlive/2011/texmf-dist/tex/latex/graphics/graphics.sty
Package: graphics 2009/02/05 v1.0o Standard LaTeX Graphics (DPC,SPQR)

(/usr/local/texlive/2011/texmf-dist/tex/latex/graphics/trig.sty
Package: trig 1999/03/16 v1.09 sin cos tan (DPC)
)
(/usr/local/texlive/2011/texmf-dist/tex/latex/latexconfig/graphics.cfg
File: graphics.cfg 2010/04/23 v1.9 graphics configuration of TeX Live
)
Package graphics Info: Driver file: pdftex.def on input line 91.

(/usr/local/texlive/2011/texmf-dist/tex/latex/pdftex-def/pdftex.def
File: pdftex.def 2011/05/27 v0.06d Graphics/color for pdfTeX

(/usr/local/texlive/2011/texmf-dist/tex/generic/oberdiek/infwarerr.sty
Package: infwarerr 2010/04/08 v1.3 Providing info/warning/message (HO)
)
(/usr/local/texlive/2011/texmf-dist/tex/generic/oberdiek/ltxcmds.sty
Package: ltxcmds 2011/04/18 v1.20 LaTeX kernel commands for general use (HO)
)
\Gread@gobject=\count156
))
\Gin@req@height=\dimen165
\Gin@req@width=\dimen166
)
(/usr/local/texlive/2011/texmf-dist/tex/latex/listings/listings.sty
\lst@mode=\count157
\lst@gtempboxa=\box31
\lst@token=\toks33
\lst@length=\count158
\lst@currlwidth=\dimen167
\lst@column=\count159
\lst@pos=\count160
\lst@lostspace=\dimen168
\lst@width=\dimen169
\lst@newlines=\count161
\lst@lineno=\count162
\lst@maxwidth=\dimen170

(/usr/local/texlive/2011/texmf-dist/tex/latex/listings/lstmisc.sty
File: lstmisc.sty 2007/02/22 1.4 (Carsten Heinz)
\c@lstnumber=\count163
\lst@skipnumbers=\count164
\lst@framebox=\box32
)
(/usr/local/texlive/2011/texmf-dist/tex/latex/listings/listings.cfg
File: listings.cfg 2007/02/22 1.4 listings configuration
))
Package: listings 2007/02/22 1.4 (Carsten Heinz)

(./lstcustom.sty
(/usr/local/texlive/2011/texmf-dist/tex/latex/graphics/color.sty
Package: color 2005/11/14 v1.0j Standard LaTeX Color (DPC)

(/usr/local/texlive/2011/texmf-dist/tex/latex/latexconfig/color.cfg
File: color.cfg 2007/01/18 v1.5 color configuration of teTeX/TeXLive
)
Package color Info: Driver file: pdftex.def on input line 130.
)
\lstframexleftmargin=\skip188
)
(/usr/local/texlive/2011/texmf-dist/tex/latex/graphics/lscape.sty
Package: lscape 2000/10/22 v3.01 Landscape Pages (DPC)
)
(/usr/local/texlive/2011/texmf-dist/tex/latex/ntheorem/ntheorem.sty
Style `ntheorem', Version 1.31 <2011/02/16>
Package: ntheorem 2011/02/16 1.31
(/usr/local/texlive/2011/texmf-dist/tex/latex/base/ifthen.sty
Package: ifthen 2001/05/26 v1.1c Standard LaTeX ifthen package (DPC)
)
\theorem@style=\toks34
\theorem@@style=\toks35
\theorembodyfont=\toks36
\theoremnumbering=\toks37
\theorempreskipamount=\skip189
\theorempostskipamount=\skip190
\theoremframepreskipamount=\skip191
\theoremframepostskipamount=\skip192
\theoremindent=\dimen171
\theorem@indent=\dimen172
\theoremheaderfont=\toks38
\theoremseparator=\toks39
\theoremprework=\toks40
\theorempostwork=\toks41
\theoremsymbol=\toks42
\qedsymbol=\toks43
\theoremkeyword=\toks44
\qedsymbol=\toks45
\thm@topsepadd=\skip193
Package ntheorem Info: Option `thmmarks' loaded on input line 1066.
\c@endNonectr=\count165
\c@currNonectr=\count166
\mysavskip=\skip194
)
(/usr/local/texlive/2011/texmf-dist/tex/latex/hyperref/hyperref.sty
Package: hyperref 2011/04/17 v6.82g Hypertext links for LaTeX

(/usr/local/texlive/2011/texmf-dist/tex/generic/oberdiek/hobsub-hyperref.sty
Package: hobsub-hyperref 2011/04/23 v1.4 Bundle oberdiek, subset hyperref (HO)

(/usr/local/texlive/2011/texmf-dist/tex/generic/oberdiek/hobsub-generic.sty
Package: hobsub-generic 2011/04/23 v1.4 Bundle oberdiek, subset generic (HO)
Package: hobsub 2011/04/23 v1.4 Subsetting bundle oberdiek (HO)
Package hobsub Info: Skipping package `infwarerr' (already loaded).
Package hobsub Info: Skipping package `ltxcmds' (already loaded).
Package hobsub Info: Skipping package `ifluatex' (already loaded).
Package hobsub Info: Skipping package `ifvtex' (already loaded).
Package: intcalc 2007/09/27 v1.1 Expandable integer calculations (HO)
Package hobsub Info: Skipping package `ifpdf' (already loaded).
Package: etexcmds 2011/02/16 v1.5 Prefix for e-TeX command names (HO)
Package etexcmds Info: Could not find \expanded.
(etexcmds)             That can mean that you are not using pdfTeX 1.50 or
(etexcmds)             that some package has redefined \expanded.
(etexcmds)             In the latter case, load this package earlier.
Package: kvsetkeys 2011/04/07 v1.13 Key value parser (HO)
Package: kvdefinekeys 2011/04/07 v1.3 Defining keys (HO)
Package: pdftexcmds 2011/04/22 v0.16 Utilities of pdfTeX for LuaTeX (HO)
Package pdftexcmds Info: LuaTeX not detected.
Package pdftexcmds Info: \pdf@primitive is available.
Package pdftexcmds Info: \pdf@ifprimitive is available.
Package pdftexcmds Info: \pdfdraftmode found.
Package: pdfescape 2011/04/04 v1.12 Provides string conversions (HO)
Package: bigintcalc 2011/01/30 v1.2 Expandable big integer calculations (HO)
Package: bitset 2011/01/30 v1.1 Data type bit set (HO)
Package: uniquecounter 2011/01/30 v1.2 Provides unlimited unique counter (HO)
)
Package hobsub Info: Skipping package `hobsub' (already loaded).
Package: letltxmacro 2010/09/02 v1.4 Let assignment for LaTeX macros (HO)
Package: hopatch 2011/01/30 v1.0 Wrapper for package hooks (HO)
Package: xcolor-patch 2011/01/30 xcolor patch
Package: atveryend 2011/04/23 v1.7 Hooks at very end of document (HO)
Package atveryend Info: \enddocument detected (standard).
Package: atbegshi 2011/01/30 v1.15 At begin shipout hook (HO)
Package: refcount 2010/12/01 v3.2 Data extraction from references (HO)
Package: hycolor 2011/01/30 v1.7 Color options of hyperref/bookmark (HO)
)
(/usr/local/texlive/2011/texmf-dist/tex/latex/oberdiek/kvoptions.sty
Package: kvoptions 2010/12/23 v3.10 Keyval support for LaTeX options (HO)
)
\@linkdim=\dimen173
\Hy@linkcounter=\count167
\Hy@pagecounter=\count168

(/usr/local/texlive/2011/texmf-dist/tex/latex/hyperref/pd1enc.def
File: pd1enc.def 2011/04/17 v6.82g Hyperref: PDFDocEncoding definition (HO)
)
\Hy@SavedSpaceFactor=\count169

(/usr/local/texlive/2011/texmf-dist/tex/latex/latexconfig/hyperref.cfg
File: hyperref.cfg 2002/06/06 v1.2 hyperref configuration of TeXLive
)
Package hyperref Info: Option `plainpages' set `false' on input line 3905.
Package hyperref Info: Option `pdfpagelabels' set `true' on input line 3905.
Package hyperref Info: Option `hypertexnames' set `false' on input line 3905.
Package hyperref Info: Hyper figures OFF on input line 4026.
Package hyperref Info: Link nesting OFF on input line 4031.
Package hyperref Info: Hyper index ON on input line 4034.
Package hyperref Info: Plain pages OFF on input line 4041.
Package hyperref Info: Backreferencing OFF on input line 4046.
Package hyperref Info: Implicit mode ON; LaTeX internals redefined.
Package hyperref Info: Bookmarks ON on input line 4264.
\c@Hy@tempcnt=\count170

(/usr/local/texlive/2011/texmf-dist/tex/latex/url/url.sty
\Urlmuskip=\muskip11
Package: url 2006/04/12  ver 3.3  Verb mode for urls, etc.
)
LaTeX Info: Redefining \url on input line 4617.
\Fld@menulength=\count171
\Field@Width=\dimen174
\Fld@charsize=\dimen175
Package hyperref Info: Hyper figures OFF on input line 5701.
Package hyperref Info: Link nesting OFF on input line 5706.
Package hyperref Info: Hyper index ON on input line 5709.
Package hyperref Info: backreferencing OFF on input line 5716.
Package hyperref Info: Link coloring OFF on input line 5721.
Package hyperref Info: Link coloring with OCG OFF on input line 5726.
Package hyperref Info: PDF/A mode OFF on input line 5731.
LaTeX Info: Redefining \ref on input line 5771.
LaTeX Info: Redefining \pageref on input line 5775.
\Hy@abspage=\count172
\c@Item=\count173
)
(/usr/local/texlive/2011/texmf-dist/tex/latex/memoir/memhfixc.sty
Package: memhfixc 2010/08/17 v1.15 nameref/hyperref package fixes for memoir cl
ass
\c@memhycontfloat=\count174
)

Package hyperref Message: Driver (autodetected): hpdftex.

(/usr/local/texlive/2011/texmf-dist/tex/latex/hyperref/hpdftex.def
File: hpdftex.def 2011/04/17 v6.82g Hyperref driver for pdfTeX
\Fld@listcount=\count175
\c@bookmark@seq@number=\count176

(/usr/local/texlive/2011/texmf-dist/tex/latex/oberdiek/rerunfilecheck.sty
Package: rerunfilecheck 2011/04/15 v1.7 Rerun checks for auxiliary files (HO)
Package uniquecounter Info: New unique counter `rerunfilecheck' on input line 2
82.
)
\Hy@SectionHShift=\skip195
)
(/usr/local/texlive/2011/texmf-dist/tex/latex/tools/longtable.sty
Package: longtable 2004/02/01 v4.11 Multi-page Table package (DPC)
\LTleft=\skip196
\LTright=\skip197
\LTpre=\skip198
\LTpost=\skip199
\LTchunksize=\count177
\LTcapwidth=\dimen176
\LT@head=\box33
\LT@firsthead=\box34
\LT@foot=\box35
\LT@lastfoot=\box36
\LT@cols=\count178
\LT@rows=\count179
\c@LT@tables=\count180
\c@LT@chunks=\count181
\LT@p@ftn=\toks46
)
(/usr/local/texlive/2011/texmf-dist/tex/latex/pdfpages/pdfpages.sty
Package: pdfpages 2011/03/10 v0.4n Insert pages of external PDF documents (AM)

(/usr/local/texlive/2011/texmf-dist/tex/latex/tools/calc.sty
Package: calc 2007/08/22 v4.3 Infix arithmetic (KKT,FJ)
\calc@Acount=\count182
\calc@Bcount=\count183
\calc@Adimen=\dimen177
\calc@Bdimen=\dimen178
\calc@Askip=\skip200
\calc@Bskip=\skip201
LaTeX Info: Redefining \setlength on input line 76.
LaTeX Info: Redefining \addtolength on input line 77.
\calc@Ccount=\count184
\calc@Cskip=\skip202
)
(/usr/local/texlive/2011/texmf-dist/tex/latex/eso-pic/eso-pic.sty
Package: eso-pic 2010/10/06 v2.0c eso-pic (RN)
)
(/usr/local/texlive/2011/texmf-dist/tex/latex/pdfpages/pppdftex.def
File: pppdftex.def 2011/03/10 v0.4n Pdfpages driver for pdfTeX (AM)
)
\AM@pagebox=\box37
\AM@toc@title=\toks47
\c@AM@survey=\count185
\AM@templatesizebox=\box38
)
(/usr/local/texlive/2011/texmf-dist/tex/latex/anysize/anysize.sty
Package: anysize 1994/08/13 setting margin sizes

document style option `anysize' loaded
Michael Salzenberg, Thomas Esser, Dirk Hillbrecht
Version 1.0, Aug 13, 1994
\@Leftmargin=\dimen179
\@Rightmargin=\dimen180
\@Topmargin=\dimen181
\@Bottommargin=\dimen182
)
\c@currteoremactr=\count186
\c@endteoremactr=\count187
\c@teorema=\count188
\c@currlemmactr=\count189
\c@endlemmactr=\count190
\c@lemma=\count191
\c@currdefinizionectr=\count192
\c@enddefinizionectr=\count193
\c@definizione=\count194
\c@currproposizionectr=\count195
\c@endproposizionectr=\count196
\c@proposizione=\count197
\c@currproofctr=\count198
\c@endproofctr=\count199
\c@proof=\count200
 (/usr/local/texlive/2011/texmf-dist/tex/latex/pslatex/pslatex.sty
Package: pslatex 1996/07/24 v1.2 pslatex emulation (DPC)
LaTeX Font Info:    Redeclaring symbol font `operators' on input line 65.
LaTeX Font Info:    Overwriting symbol font `operators' in version `normal'
(Font)                  OT1/cmr/m/n --> OT1/ptmcm/m/n on input line 65.
LaTeX Font Info:    Overwriting symbol font `operators' in version `bold'
(Font)                  OT1/cmr/bx/n --> OT1/ptmcm/m/n on input line 65.
LaTeX Font Info:    Redeclaring symbol font `letters' on input line 66.
LaTeX Font Info:    Overwriting symbol font `letters' in version `normal'
(Font)                  OML/cmm/m/it --> OML/ptmcm/m/it on input line 66.
LaTeX Font Info:    Overwriting symbol font `letters' in version `bold'
(Font)                  OML/cmm/b/it --> OML/ptmcm/m/it on input line 66.
LaTeX Font Info:    Redeclaring symbol font `symbols' on input line 67.
LaTeX Font Info:    Overwriting symbol font `symbols' in version `normal'
(Font)                  OMS/cmsy/m/n --> OMS/pzccm/m/n on input line 67.
LaTeX Font Info:    Overwriting symbol font `symbols' in version `bold'
(Font)                  OMS/cmsy/b/n --> OMS/pzccm/m/n on input line 67.
LaTeX Font Info:    Redeclaring symbol font `largesymbols' on input line 68.
LaTeX Font Info:    Overwriting symbol font `largesymbols' in version `normal'
(Font)                  OMX/cmex/m/n --> OMX/psycm/m/n on input line 68.
LaTeX Font Info:    Overwriting symbol font `largesymbols' in version `bold'
(Font)                  OMX/cmex/m/n --> OMX/psycm/m/n on input line 68.
\symbold=\mathgroup7
\symitalic=\mathgroup8
LaTeX Font Info:    Redeclaring math alphabet \mathbf on input line 74.
LaTeX Font Info:    Overwriting math alphabet `\mathbf' in version `normal'
(Font)                  OT1/cmr/bx/n --> OT1/ptm/bx/n on input line 74.
LaTeX Font Info:    Overwriting math alphabet `\mathbf' in version `bold'
(Font)                  OT1/cmr/bx/n --> OT1/ptm/bx/n on input line 74.
LaTeX Font Info:    Redeclaring math alphabet \mathit on input line 75.
LaTeX Font Info:    Overwriting math alphabet `\mathit' in version `normal'
(Font)                  OT1/cmr/m/it --> OT1/ptm/m/it on input line 75.
LaTeX Font Info:    Overwriting math alphabet `\mathit' in version `bold'
(Font)                  OT1/cmr/bx/it --> OT1/ptm/m/it on input line 75.
))
(./main.aux)
\openout1 = `main.aux'.

LaTeX Font Info:    Checking defaults for OML/cmm/m/it on input line 36.
LaTeX Font Info:    ... okay on input line 36.
LaTeX Font Info:    Checking defaults for T1/cmr/m/n on input line 36.
LaTeX Font Info:    ... okay on input line 36.
LaTeX Font Info:    Checking defaults for OT1/cmr/m/n on input line 36.
LaTeX Font Info:    ... okay on input line 36.
LaTeX Font Info:    Checking defaults for OMS/pzccm/m/n on input line 36.
LaTeX Font Info:    Try loading font information for OMS+pzccm on input line 36
.
 (/usr/local/texlive/2011/texmf-dist/tex/latex/psnfss/omspzccm.fd
File: omspzccm.fd 2000/01/03 Fontinst v1.801 font definitions for OMS/pzccm.
)
LaTeX Font Info:    ... okay on input line 36.
LaTeX Font Info:    Checking defaults for OMX/cmex/m/n on input line 36.
LaTeX Font Info:    ... okay on input line 36.
LaTeX Font Info:    Checking defaults for U/cmr/m/n on input line 36.
LaTeX Font Info:    ... okay on input line 36.
LaTeX Font Info:    Checking defaults for TS1/cmr/m/n on input line 36.
LaTeX Font Info:    Try loading font information for TS1+cmr on input line 36.

(/usr/local/texlive/2011/texmf-dist/tex/latex/base/ts1cmr.fd
File: ts1cmr.fd 1999/05/25 v2.5h Standard LaTeX font definitions
)
LaTeX Font Info:    ... okay on input line 36.
LaTeX Font Info:    Checking defaults for PD1/pdf/m/n on input line 36.
LaTeX Font Info:    ... okay on input line 36.

*geometry* driver: auto-detecting
*geometry* detected driver: pdftex
*geometry* verbose mode - [ preamble ] result:
* driver: pdftex
* paper: a4paper
* layout: <same size as paper>
* layoutoffset:(h,v)=(0.0pt,0.0pt)
* modes: 
* h-part:(L,W,R)=(113.81102pt, 412.56497pt, 71.13188pt)
* v-part:(T,H,B)=(71.13188pt, 702.78308pt, 71.13188pt)
* \paperwidth=597.50787pt
* \paperheight=845.04684pt
* \textwidth=455.24411pt
* \textheight=666.86205pt
* \oddsidemargin=13.08827pt
* \evensidemargin=-15.36449pt
* \topmargin=-15.36449pt
* \headheight=14.5pt
* \headsep=19.8738pt
* \topskip=12.0pt
* \footskip=30.0pt
* \marginparwidth=42.0pt
* \marginparsep=7.0pt
* \columnsep=10.0pt
* \skip\footins=12.0pt plus 4.0pt minus 4.0pt
* \hoffset=0.0pt
* \voffset=0.0pt
* \mag=1000
* \@twocolumnfalse
* \@twosidefalse
* \@mparswitchfalse
* \@reversemarginfalse
* (1in=72.27pt=25.4mm, 1cm=28.453pt)

(/usr/local/texlive/2011/texmf-dist/tex/context/base/supp-pdf.mkii
[Loading MPS to PDF converter (version 2006.09.02).]
\scratchcounter=\count201
\scratchdimen=\dimen183
\scratchbox=\box39
\nofMPsegments=\count202
\nofMParguments=\count203
\everyMPshowfont=\toks48
\MPscratchCnt=\count204
\MPscratchDim=\dimen184
\MPnumerator=\count205
\makeMPintoPDFobject=\count206
\everyMPtoPDFconversion=\toks49
) (/usr/local/texlive/2011/texmf-dist/tex/latex/oberdiek/epstopdf-base.sty
Package: epstopdf-base 2010/02/09 v2.5 Base part for package epstopdf

(/usr/local/texlive/2011/texmf-dist/tex/latex/oberdiek/grfext.sty
Package: grfext 2010/08/19 v1.1 Managing graphics extensions (HO)
)
Package grfext Info: Graphics extension search list:
(grfext)             [.png,.pdf,.jpg,.mps,.jpeg,.jbig2,.jb2,.PNG,.PDF,.JPG,.JPE
G,.JBIG2,.JB2,.eps]
(grfext)             \AppendGraphicsExtensions on input line 452.

(/usr/local/texlive/2011/texmf-dist/tex/latex/latexconfig/epstopdf-sys.cfg
File: epstopdf-sys.cfg 2010/07/13 v1.3 Configuration of (r)epstopdf for TeX Liv
e
))
\c@lstlisting=\count207
\AtBeginShipoutBox=\box40
Package hyperref Info: Link coloring OFF on input line 36.

(/usr/local/texlive/2011/texmf-dist/tex/latex/hyperref/nameref.sty
Package: nameref 2010/04/30 v2.40 Cross-referencing by name of section

(/usr/local/texlive/2011/texmf-dist/tex/generic/oberdiek/gettitlestring.sty
Package: gettitlestring 2010/12/03 v1.4 Cleanup title references (HO)
)
\c@section@level=\count208
)
Redoing nameref's sectioning
Redoing nameref's label
LaTeX Info: Redefining \nameref on input line 36.
LaTeX Info: Redefining \ref on input line 36.
LaTeX Info: Redefining \pageref on input line 36.
LaTeX Info: Redefining \nameref on input line 36.
(./main.out) (./main.out)
\@outlinefile=\write4
\openout4 = `main.out'.


<frontTitlePage/portada.pdf, id=142, page=1, 597.50829pt x 845.0471pt>
File: frontTitlePage/portada.pdf Graphic file (type pdf)

<use frontTitlePage/portada.pdf, page 1>
Package pdftex.def Info: frontTitlePage/portada.pdf, page1 used on input line 4
6.
(pdftex.def)             Requested size: 597.50682pt x 845.04504pt.
File: frontTitlePage/portada.pdf Graphic file (type pdf)

<use frontTitlePage/portada.pdf, page 1>
Package pdftex.def Info: frontTitlePage/portada.pdf, page1 used on input line 4
6.
(pdftex.def)             Requested size: 597.53416pt x 845.08372pt.
File: frontTitlePage/portada.pdf Graphic file (type pdf)

<use frontTitlePage/portada.pdf, page 1>
Package pdftex.def Info: frontTitlePage/portada.pdf, page1 used on input line 4
6.
(pdftex.def)             Requested size: 597.53416pt x 845.08372pt.
File: frontTitlePage/portada.pdf Graphic file (type pdf)

<use frontTitlePage/portada.pdf, page 1>
Package pdftex.def Info: frontTitlePage/portada.pdf, page1 used on input line 4
6.
(pdftex.def)             Requested size: 597.53416pt x 845.08372pt.
File: frontTitlePage/portada.pdf Graphic file (type pdf)

<use frontTitlePage/portada.pdf, page 1>
Package pdftex.def Info: frontTitlePage/portada.pdf, page1 used on input line 4
6.
(pdftex.def)             Requested size: 597.53416pt x 845.08372pt.
 [1

 <./frontTitlePage/portada.pdf{/usr/local/texlive/2011/texmf-var/fonts/map/pdft
ex/updmap/pdftex.map}>]
LaTeX Font Info:    Font shape `T1/ptm/bx/n' in size <24.88> not available
(Font)              Font shape `T1/ptm/b/n' tried instead on input line 65.
LaTeX Font Info:    Font shape `T1/ptm/bx/sc' in size <24.88> not available
(Font)              Font shape `T1/ptm/b/sc' tried instead on input line 65.
LaTeX Font Info:    Font shape `T1/ptm/bx/it' in size <12> not available
(Font)              Font shape `T1/ptm/b/it' tried instead on input line 74.
 [1


]
LaTeX Font Info:    Font shape `T1/ptm/bx/n' in size <17.28> not available
(Font)              Font shape `T1/ptm/b/n' tried instead on input line 91.
LaTeX Font Info:    Font shape `T1/ptm/bx/sc' in size <17.28> not available
(Font)              Font shape `T1/ptm/b/sc' tried instead on input line 91.
LaTeX Font Info:    Font shape `T1/phv/m/n' will be
(Font)              scaled to size 10.79993pt on input line 99.
 [2

]
[3] (./main.toc
LaTeX Font Info:    Font shape `T1/ptm/bx/sc' in size <12> not available
(Font)              Font shape `T1/ptm/b/sc' tried instead on input line 2.
LaTeX Font Info:    Font shape `T1/ptm/bx/n' in size <12> not available
(Font)              Font shape `T1/ptm/b/n' tried instead on input line 2.
LaTeX Font Info:    Try loading font information for OT1+ptmcm on input line 2.


(/usr/local/texlive/2011/texmf-dist/tex/latex/psnfss/ot1ptmcm.fd
File: ot1ptmcm.fd 2000/01/03 Fontinst v1.801 font definitions for OT1/ptmcm.
)
LaTeX Font Info:    Try loading font information for OML+ptmcm on input line 2.


(/usr/local/texlive/2011/texmf-dist/tex/latex/psnfss/omlptmcm.fd
File: omlptmcm.fd 2000/01/03 Fontinst v1.801 font definitions for OML/ptmcm.
)
LaTeX Font Info:    Try loading font information for OMX+psycm on input line 2.


(/usr/local/texlive/2011/texmf-dist/tex/latex/psnfss/omxpsycm.fd
File: omxpsycm.fd 2000/01/03 Fontinst v1.801 font definitions for OMX/psycm.
)
LaTeX Font Info:    Try loading font information for U+msa on input line 2.

(/usr/local/texlive/2011/texmf-dist/tex/latex/amsfonts/umsa.fd
File: umsa.fd 2009/06/22 v3.00 AMS symbols A
)
LaTeX Font Info:    Try loading font information for U+msb on input line 2.

(/usr/local/texlive/2011/texmf-dist/tex/latex/amsfonts/umsb.fd
File: umsb.fd 2009/06/22 v3.00 AMS symbols B
)
LaTeX Font Info:    Try loading font information for U+wasy on input line 2.

(/usr/local/texlive/2011/texmf-dist/tex/latex/wasysym/uwasy.fd
File: uwasy.fd 2003/10/30 v2.0 Wasy-2 symbol font definitions
)
LaTeX Font Info:    Font shape `OT1/ptm/bx/n' in size <12> not available
(Font)              Font shape `OT1/ptm/b/n' tried instead on input line 2.
LaTeX Font Info:    Font shape `OT1/ptm/bx/n' in size <9> not available
(Font)              Font shape `OT1/ptm/b/n' tried instead on input line 2.
LaTeX Font Info:    Font shape `OT1/ptm/bx/n' in size <7> not available
(Font)              Font shape `OT1/ptm/b/n' tried instead on input line 2.

Overfull \hbox (1.9198pt too wide) detected at line 4
 []
 []

[4

]) [5] (./main.lof
Overfull \hbox (0.46523pt too wide) in paragraph at lines 35--35
 [][][] [][]\T1/ptm/m/n/12 WRTA: Ma-peo Au-to-má-ti-co del \T1/ptm/m/it/12 Mo-d
e-lo Entidad--Relación (Entity-Relationship Mo- 
 []

[6

]) [7] (./main.lot) [8

] [1


]
LaTeX Font Info:    Font shape `T1/phv/bx/n' in size <12> not available
(Font)              Font shape `T1/phv/b/n' tried instead on input line 239.
LaTeX Font Info:    Font shape `T1/phv/b/n' will be
(Font)              scaled to size 10.79993pt on input line 239.
 [2] [3] [4]
LaTeX Font Info:    Font shape `OT1/ptm/bx/n' in size <10> not available
(Font)              Font shape `OT1/ptm/b/n' tried instead on input line 351.
LaTeX Font Info:    Font shape `OT1/ptm/bx/n' in size <7.4> not available
(Font)              Font shape `OT1/ptm/b/n' tried instead on input line 351.
LaTeX Font Info:    Font shape `OT1/ptm/bx/n' in size <6> not available
(Font)              Font shape `OT1/ptm/b/n' tried instead on input line 351.
 [5

] [6] [7]
<figure/fig_faqosphere.png, id=458, 639.89063pt x 299.61937pt>
File: figure/fig_faqosphere.png Graphic file (type png)

<use figure/fig_faqosphere.png>
Package pdftex.def Info: figure/fig_faqosphere.png used on input line 488.
(pdftex.def)             Requested size: 409.71692pt x 191.84717pt.
LaTeX Font Info:    Try loading font information for TS1+ptm on input line 507.


(/usr/local/texlive/2011/texmf-dist/tex/latex/psnfss/ts1ptm.fd
File: ts1ptm.fd 2001/06/04 font definitions for TS1/ptm.
) [8 <./figure/fig_faqosphere.png>]
<figure/fig_realTravel.png, id=467, 646.66594pt x 325.215pt>
File: figure/fig_realTravel.png Graphic file (type png)

<use figure/fig_realTravel.png>
Package pdftex.def Info: figure/fig_realTravel.png used on input line 519.
(pdftex.def)             Requested size: 409.71692pt x 206.05269pt.
 [9 <./figure/fig_realTravel.png>]
<figure/fig_5ErasA.png, id=479, 381.67593pt x 115.18031pt>
File: figure/fig_5ErasA.png Graphic file (type png)

<use figure/fig_5ErasA.png>
Package pdftex.def Info: figure/fig_5ErasA.png used on input line 581.
(pdftex.def)             Requested size: 409.71692pt x 123.64767pt.

<figure/fig_5ErasB.png, id=484, 377.91188pt x 120.45pt>
File: figure/fig_5ErasB.png Graphic file (type png)

<use figure/fig_5ErasB.png>
Package pdftex.def Info: figure/fig_5ErasB.png used on input line 604.
(pdftex.def)             Requested size: 409.71692pt x 130.58763pt.


LaTeX Warning: `h' float specifier changed to `ht'.

[10 <./figure/fig_5ErasA.png>]
<figure/fig_SocialNetworkMap.png, id=497, 1003.75pt x 1050.92625pt>
File: figure/fig_SocialNetworkMap.png Graphic file (type png)

<use figure/fig_SocialNetworkMap.png>
Package pdftex.def Info: figure/fig_SocialNetworkMap.png used on input line 627
.
(pdftex.def)             Requested size: 318.66948pt x 333.64133pt.


LaTeX Warning: `h' float specifier changed to `ht'.

<figure/fig_5ErasC.png, id=498, 389.20406pt x 126.4725pt>
File: figure/fig_5ErasC.png Graphic file (type png)

<use figure/fig_5ErasC.png>
Package pdftex.def Info: figure/fig_5ErasC.png used on input line 639.
(pdftex.def)             Requested size: 409.71692pt x 133.1416pt.


LaTeX Warning: `h' float specifier changed to `ht'.

[11 <./figure/fig_5ErasB.png>]
<figure/fig_biography.png, id=507, 982.67125pt x 524.96124pt>
File: figure/fig_biography.png Graphic file (type png)

<use figure/fig_biography.png>
Package pdftex.def Info: figure/fig_biography.png used on input line 671.
(pdftex.def)             Requested size: 409.71692pt x 218.88016pt.


LaTeX Warning: `h' float specifier changed to `ht'.

<figure/fig_5ErasD.png, id=508, 380.92313pt x 124.96687pt>
File: figure/fig_5ErasD.png Graphic file (type png)

<use figure/fig_5ErasD.png>
Package pdftex.def Info: figure/fig_5ErasD.png used on input line 680.
(pdftex.def)             Requested size: 409.71692pt x 134.41685pt.


LaTeX Warning: `h' float specifier changed to `ht'.

[12 <./figure/fig_SocialNetworkMap.png> <./figure/fig_5ErasC.png>] [13 <./figur
e/fig_biography.png> <./figure/fig_5ErasD.png>]
<figure/fig_5ErasE.png, id=521, 380.17032pt x 152.06813pt>
File: figure/fig_5ErasE.png Graphic file (type png)

<use figure/fig_5ErasE.png>
Package pdftex.def Info: figure/fig_5ErasE.png used on input line 717.
(pdftex.def)             Requested size: 409.71692pt x 163.89235pt.
 [14 <./figure/fig_5ErasE.png>] [15]
<figure/fig_amazon.PNG, id=541, 85.06781pt x 541.27219pt>
File: figure/fig_amazon.PNG Graphic file (type png)

<use figure/fig_amazon.PNG>
Package pdftex.def Info: figure/fig_amazon.PNG used on input line 802.
(pdftex.def)             Requested size: 91.04742pt x 579.35373pt.


LaTeX Warning: `h' float specifier changed to `ht'.

<figure/fig_onewayCommunication.PNG, id=543, 110.66344pt x 211.54031pt>
File: figure/fig_onewayCommunication.PNG Graphic file (type png)

<use figure/fig_onewayCommunication.PNG>
Package pdftex.def Info: figure/fig_onewayCommunication.PNG used on input line 
819.
(pdftex.def)             Requested size: 136.57462pt x 261.08713pt.


LaTeX Warning: `h' float specifier changed to `ht'.

<figure/fig_twowayCommunication.PNG, id=545, 118.94438pt x 207.02344pt>
File: figure/fig_twowayCommunication.PNG Graphic file (type png)

<use figure/fig_twowayCommunication.PNG>
Package pdftex.def Info: figure/fig_twowayCommunication.PNG used on input line 
830.
(pdftex.def)             Requested size: 136.57462pt x 237.72128pt.


LaTeX Warning: `h' float specifier changed to `ht'.

<figure/fig_manywayCommunication.PNG, id=547, 231.86626pt x 216.81pt>
File: figure/fig_manywayCommunication.PNG Graphic file (type png)

<use figure/fig_manywayCommunication.PNG>
Package pdftex.def Info: figure/fig_manywayCommunication.PNG used on input line
 841.
(pdftex.def)             Requested size: 227.62206pt x 212.84618pt.


LaTeX Warning: `h' float specifier changed to `ht'.

[16] <figure/fig_MDDProcess.png, id=575, 644.4075pt x 529.98pt>
File: figure/fig_MDDProcess.png Graphic file (type png)

<use figure/fig_MDDProcess.png>
Package pdftex.def Info: figure/fig_MDDProcess.png used on input line 931.
(pdftex.def)             Requested size: 409.71692pt x 336.97832pt.


LaTeX Warning: `h' float specifier changed to `ht'.

[17] [18] <figure/fig_WebMLLifeCicle.PNG, id=623, 514.17094pt x 438.8897pt>
File: figure/fig_WebMLLifeCicle.PNG Graphic file (type png)

<use figure/fig_WebMLLifeCicle.PNG>
Package pdftex.def Info: figure/fig_WebMLLifeCicle.PNG used on input line 1032.

(pdftex.def)             Requested size: 409.71692pt x 349.73267pt.


LaTeX Warning: `h' float specifier changed to `ht'.

[19]
Underfull \hbox (badness 10000) in paragraph at lines 1047--1054

 []


Underfull \hbox (badness 10000) in paragraph at lines 1047--1054

 []


Overfull \hbox (24.4248pt too wide) in paragraph at lines 1069--1071
[][][] 
 []


Underfull \hbox (badness 10000) in paragraph at lines 1069--1071

 []


Underfull \hbox (badness 10000) in paragraph at lines 1069--1071

 []

[20] [21] <figure/fig_ModelingWebML.png, id=669, 555.57562pt x 873.2625pt>
File: figure/fig_ModelingWebML.png Graphic file (type png)

<use figure/fig_ModelingWebML.png>
Package pdftex.def Info: figure/fig_ModelingWebML.png used on input line 1165.
(pdftex.def)             Requested size: 409.71692pt x 644.00552pt.


LaTeX Warning: Float too large for page by 14.60078pt on input line 1170.


LaTeX Warning: `h' float specifier changed to `ht'.

[22] [23] [24] [25] [26]
<figure/fig_rup3cModel.png, id=710, 714.67pt x 330.23375pt>
File: figure/fig_rup3cModel.png Graphic file (type png)

<use figure/fig_rup3cModel.png>
Package pdftex.def Info: figure/fig_rup3cModel.png used on input line 1417.
(pdftex.def)             Requested size: 409.71692pt x 189.3236pt.


LaTeX Warning: `h' float specifier changed to `ht'.

[27] [28 <./figure/fig_amazon.PNG>] [29 <./figure/fig_onewayCommunication.PNG> 
<./figure/fig_twowayCommunication.PNG>] [30 <./figure/fig_manywayCommunication.
PNG>] [31 <./figure/fig_MDDProcess.png>] [32 <./figure/fig_WebMLLifeCicle.PNG>]
[33 <./figure/fig_ModelingWebML.png>] [34 <./figure/fig_rup3cModel.png>]
<figure/fig_SocialWebMLLifeCicle.PNG, id=755, 532.23843pt x 484.05844pt>
File: figure/fig_SocialWebMLLifeCicle.PNG Graphic file (type png)

<use figure/fig_SocialWebMLLifeCicle.PNG>
Package pdftex.def Info: figure/fig_SocialWebMLLifeCicle.PNG used on input line
 1476.
(pdftex.def)             Requested size: 409.71692pt x 372.63751pt.


LaTeX Warning: `h' float specifier changed to `ht'.

[35

] [36 <./figure/fig_SocialWebMLLifeCicle.PNG>] [37] [38]
<figure/fig_socialFlowDiagram.PNG, id=799, 694.84593pt x 371.88937pt>
File: figure/fig_socialFlowDiagram.PNG Graphic file (type png)

<use figure/fig_socialFlowDiagram.PNG>
Package pdftex.def Info: figure/fig_socialFlowDiagram.PNG used on input line 16
36.
(pdftex.def)             Requested size: 694.84422pt x 371.88846pt.


LaTeX Warning: `h' float specifier changed to `ht'.

<figure/fig_SocialWebMLModelado.PNG, id=803, 460.72125pt x 443.40656pt>
File: figure/fig_SocialWebMLModelado.PNG Graphic file (type png)

<use figure/fig_SocialWebMLModelado.PNG>
Package pdftex.def Info: figure/fig_SocialWebMLModelado.PNG used on input line 
1654.
(pdftex.def)             Requested size: 455.24411pt x 438.13489pt.


LaTeX Warning: `h' float specifier changed to `ht'.

<figure/fig_proposalBD.png, id=805, 698.61pt x 476.53032pt>
File: figure/fig_proposalBD.png Graphic file (type png)

<use figure/fig_proposalBD.png>
Package pdftex.def Info: figure/fig_proposalBD.png used on input line 1669.
(pdftex.def)             Requested size: 698.60829pt x 476.52916pt.


LaTeX Warning: Float too large for page by 52.31711pt on input line 1675.


LaTeX Warning: `h' float specifier changed to `ht'.

LaTeX Font Info:    Font shape `T1/ptm/bx/n' in size <10> not available
(Font)              Font shape `T1/ptm/b/n' tried instead on input line 1699.
[39] [40]
Overfull \hbox (24.4248pt too wide) in paragraph at lines 1783--1784
[][][] 
 []

<figure/fig_proposalUserHierarchical.png, id=834, 401.24907pt x 426.84468pt>
File: figure/fig_proposalUserHierarchical.png Graphic file (type png)

<use figure/fig_proposalUserHierarchical.png>
Package pdftex.def Info: figure/fig_proposalUserHierarchical.png used on input 
line 1791.
(pdftex.def)             Requested size: 409.71692pt x 435.88383pt.


LaTeX Warning: `h' float specifier changed to `ht'.

[41] <figure/fig_SocialUnits.png, id=845, 377.41pt x 244.915pt>
File: figure/fig_SocialUnits.png Graphic file (type png)

<use figure/fig_SocialUnits.png>
Package pdftex.def Info: figure/fig_SocialUnits.png used on input line 1827.
(pdftex.def)             Requested size: 364.19667pt x 236.34148pt.


LaTeX Warning: `h' float specifier changed to `ht'.

[42] <figure/fig_NuvulaDiTags.png, id=854, 398.48875pt x 261.97874pt>
File: figure/fig_NuvulaDiTags.png Graphic file (type png)

<use figure/fig_NuvulaDiTags.png>
Package pdftex.def Info: figure/fig_NuvulaDiTags.png used on input line 1897.
(pdftex.def)             Requested size: 273.14923pt x 179.58228pt.


LaTeX Warning: `h' float specifier changed to `ht'.

[43] <figure/dev/fig_SocialLoginUnit_dev.png, id=862, 1244.65pt x 608.2725pt>
File: figure/dev/fig_SocialLoginUnit_dev.png Graphic file (type png)

<use figure/dev/fig_SocialLoginUnit_dev.png>
Package pdftex.def Info: figure/dev/fig_SocialLoginUnit_dev.png used on input l
ine 1940.
(pdftex.def)             Requested size: 1244.64696pt x 608.27103pt.


LaTeX Warning: Float too large for page by 24.94006pt on input line 1945.


LaTeX Warning: `h' float specifier changed to `ht'.

(/usr/local/texlive/2011/texmf-dist/tex/latex/listings/lstlang1.sty
File: lstlang1.sty 2004/09/05 1.3 listings language file
)
(/usr/local/texlive/2011/texmf-dist/tex/latex/listings/lstmisc.sty
File: lstmisc.sty 2007/02/22 1.4 (Carsten Heinz)
)
LaTeX Font Info:    Font shape `OT1/ptm/bx/n' in size <10.95> not available
(Font)              Font shape `OT1/ptm/b/n' tried instead on input line 1954.
LaTeX Font Info:    Font shape `OT1/ptm/bx/n' in size <8> not available
(Font)              Font shape `OT1/ptm/b/n' tried instead on input line 1954.
 [44]
<units/SocialLoginUnit.png, id=883, 32.12pt x 32.12pt>
File: units/SocialLoginUnit.png Graphic file (type png)

<use units/SocialLoginUnit.png>
Package pdftex.def Info: units/SocialLoginUnit.png used on input line 2000.
(pdftex.def)             Requested size: 32.1199pt x 32.1199pt.

<units/GetSocialDataUnit.png, id=884, 32.12pt x 32.12pt>
File: units/GetSocialDataUnit.png Graphic file (type png)

<use units/GetSocialDataUnit.png>
Package pdftex.def Info: units/GetSocialDataUnit.png used on input line 2012.
(pdftex.def)             Requested size: 32.1199pt x 32.1199pt.

<units/SocialCommentUnit.png, id=885, 32.12pt x 32.12pt>
File: units/SocialCommentUnit.png Graphic file (type png)

<use units/SocialCommentUnit.png>
Package pdftex.def Info: units/SocialCommentUnit.png used on input line 2026.
(pdftex.def)             Requested size: 32.1199pt x 32.1199pt.

<units/SocialGMapsUnit.png, id=886, 32.12pt x 32.12pt>
File: units/SocialGMapsUnit.png Graphic file (type png)

<use units/SocialGMapsUnit.png>
Package pdftex.def Info: units/SocialGMapsUnit.png used on input line 2037.
(pdftex.def)             Requested size: 32.1199pt x 32.1199pt.


LaTeX Warning: Float too large for page by 70.5103pt on input line 2046.

[45] [46 <./units/SocialLoginUnit.png> <./units/GetSocialDataUnit.png> <./units
/SocialCommentUnit.png> <./units/SocialGMapsUnit.png>] [47 <./figure/fig_social
FlowDiagram.PNG>] [48 <./figure/fig_SocialWebMLModelado.PNG>] [49 <./figure/fig
_proposalBD.png>] [50 <./figure/fig_proposalUserHierarchical.png>] [51 <./figur
e/fig_SocialUnits.png> <./figure/fig_NuvulaDiTags.png>] [52 <./figure/dev/fig_S
ocialLoginUnit_dev.png>] [53

]
<figure/fig_WRTA_Hierarchy.png, id=936, 227.34938pt x 230.36063pt>
File: figure/fig_WRTA_Hierarchy.png Graphic file (type png)

<use figure/fig_WRTA_Hierarchy.png>
Package pdftex.def Info: figure/fig_WRTA_Hierarchy.png used on input line 2174.

(pdftex.def)             Requested size: 227.62206pt x 230.64124pt.


LaTeX Warning: `h' float specifier changed to `ht'.

<figure/fig_WRTA_flowDiagram.png, id=942, 667.74469pt x 452.4403pt>
File: figure/fig_WRTA_flowDiagram.png Graphic file (type png)

<use figure/fig_WRTA_flowDiagram.png>
Package pdftex.def Info: figure/fig_WRTA_flowDiagram.png used on input line 219
9.
(pdftex.def)             Requested size: 409.71692pt x 277.61745pt.


LaTeX Warning: `h' float specifier changed to `ht'.

[54] [55]
Overfull \hbox (8.22739pt too wide) in paragraph at lines 2239--2256
 [][][]  
 []

[56 <./figure/fig_WRTA_Hierarchy.png>]
<figure/fig_WRTA_Socialhierarchy.png, id=965, 350.30875pt x 469.755pt>
File: figure/fig_WRTA_Socialhierarchy.png Graphic file (type png)

<use figure/fig_WRTA_Socialhierarchy.png>
Package pdftex.def Info: figure/fig_WRTA_Socialhierarchy.png used on input line
 2279.
(pdftex.def)             Requested size: 204.85846pt x 274.71597pt.


LaTeX Warning: `h' float specifier changed to `ht'.

[57 <./figure/fig_WRTA_flowDiagram.png>]
<figure/fig_WR_DataModel.png, id=980, 746.79pt x 453.695pt>
File: figure/fig_WR_DataModel.png Graphic file (type png)

<use figure/fig_WR_DataModel.png>
Package pdftex.def Info: figure/fig_WR_DataModel.png used on input line 2319.
(pdftex.def)             Requested size: 364.19667pt x 221.26022pt.


LaTeX Warning: `h' float specifier changed to `ht'.

[58 <./figure/fig_WRTA_Socialhierarchy.png>]
<figure/fig_WR_autoModelling.png, id=991, 238.8925pt x 500.87125pt>
File: figure/fig_WR_autoModelling.png Graphic file (type png)

<use figure/fig_WR_autoModelling.png>
Package pdftex.def Info: figure/fig_WR_autoModelling.png used on input line 233
8.
(pdftex.def)             Requested size: 182.09486pt x 381.78192pt.


LaTeX Warning: `h' float specifier changed to `ht'.

<figure/fig_profileProperties.png, id=993, 475.7775pt x 176.66pt>
File: figure/fig_profileProperties.png Graphic file (type png)

<use figure/fig_profileProperties.png>
Package pdftex.def Info: figure/fig_profileProperties.png used on input line 23
56.
(pdftex.def)             Requested size: 227.62206pt x 84.51817pt.


LaTeX Warning: `h' float specifier changed to `ht'.

[59 <./figure/fig_WR_DataModel.png>]
<figure/fig_WRTA_SocialDataModel.png, id=1002, 977.6525pt x 493.845pt>
File: figure/fig_WRTA_SocialDataModel.png Graphic file (type png)

<use figure/fig_WRTA_SocialDataModel.png>
Package pdftex.def Info: figure/fig_WRTA_SocialDataModel.png used on input line
 2384.
(pdftex.def)             Requested size: 455.24411pt x 229.95956pt.


LaTeX Warning: `h' float specifier changed to `ht'.

[60 <./figure/fig_WR_autoModelling.png> <./figure/fig_profileProperties.png>]
<figure/fig_WRTA_hypertextModel.png, id=1013, 184.69pt x 201.75375pt>
File: figure/fig_WRTA_hypertextModel.png Graphic file (type png)

<use figure/fig_WRTA_hypertextModel.png>
Package pdftex.def Info: figure/fig_WRTA_hypertextModel.png used on input line 
2423.
(pdftex.def)             Requested size: 136.57462pt x 149.19383pt.


LaTeX Warning: `h' float specifier changed to `ht'.

[61 <./figure/fig_WRTA_SocialDataModel.png>]
<figure/fig_WRTA_svPublico.png, id=1019, 706.64pt x 540.0175pt>
File: figure/fig_WRTA_svPublico.png Graphic file (type png)

<use figure/fig_WRTA_svPublico.png>
Package pdftex.def Info: figure/fig_WRTA_svPublico.png used on input line 2445.

(pdftex.def)             Requested size: 455.24411pt x 347.90073pt.


LaTeX Warning: `h' float specifier changed to `ht'.

<figure/fig_WRTA_Publico.png, id=1022, 1027.84pt x 719.68875pt>
File: figure/fig_WRTA_Publico.png Graphic file (type png)

<use figure/fig_WRTA_Publico.png>
Package pdftex.def Info: figure/fig_WRTA_Publico.png used on input line 2490.
(pdftex.def)             Requested size: 455.24411pt x 318.7615pt.


LaTeX Warning: `h' float specifier changed to `ht'.

<figure/fig_WRTA_svAdministrador.png, id=1024, 601.24625pt x 537.00626pt>
File: figure/fig_WRTA_svAdministrador.png Graphic file (type png)

<use figure/fig_WRTA_svAdministrador.png>
Package pdftex.def Info: figure/fig_WRTA_svAdministrador.png used on input line
 2513.
(pdftex.def)             Requested size: 455.24411pt x 406.6131pt.


LaTeX Warning: `h' float specifier changed to `ht'.

[62 <./figure/fig_WRTA_hypertextModel.png>]
<figure/fig_WRTA_Administracion.png, id=1034, 1028.84375pt x 719.68875pt>
File: figure/fig_WRTA_Administracion.png Graphic file (type png)

<use figure/fig_WRTA_Administracion.png>
Package pdftex.def Info: figure/fig_WRTA_Administracion.png used on input line 
2561.
(pdftex.def)             Requested size: 455.24411pt x 318.45403pt.


LaTeX Warning: `h' float specifier changed to `ht'.

[63 <./figure/fig_WRTA_svPublico.png>]
<figure/fig_WRTA_svAplicacion.png, id=1040, 379.4175pt x 380.42125pt>
File: figure/fig_WRTA_svAplicacion.png Graphic file (type png)

<use figure/fig_WRTA_svAplicacion.png>
Package pdftex.def Info: figure/fig_WRTA_svAplicacion.png used on input line 25
84.
(pdftex.def)             Requested size: 227.62206pt x 228.22548pt.


LaTeX Warning: `h' float specifier changed to `ht'.

[64] <figure/fig_WRTA_Aplicacion.png, id=1048, 1030.85126pt x 721.69624pt>
File: figure/fig_WRTA_Aplicacion.png Graphic file (type png)

<use figure/fig_WRTA_Aplicacion.png>
Package pdftex.def Info: figure/fig_WRTA_Aplicacion.png used on input line 2632
.
(pdftex.def)             Requested size: 455.24411pt x 318.71461pt.


LaTeX Warning: `h' float specifier changed to `ht'.

[65 <./figure/fig_WRTA_Publico.png>] [66 <./figure/fig_WRTA_svAdministrador.png
>] [67 <./figure/fig_WRTA_Administracion.png> <./figure/fig_WRTA_svAplicacion.p
ng>] [68 <./figure/fig_WRTA_Aplicacion.png>] [69

]

Package hyperref Warning: Token not allowed in a PDF string (PDFDocEncoding):
(hyperref)                removing `\\' on input line 2687.


Package hyperref Warning: Token not allowed in a PDF string (PDFDocEncoding):
(hyperref)                removing `\@ifnextchar' on input line 2687.

[70


] <include/anexo_customUnits.pdf, id=1081, page=1, 597.432pt x 844.95674pt>
File: include/anexo_customUnits.pdf Graphic file (type pdf)

<use include/anexo_customUnits.pdf, page 1>
Package pdftex.def Info: include/anexo_customUnits.pdf, page1 used on input lin
e 2689.
(pdftex.def)             Requested size: 597.43054pt x 844.95468pt.
File: include/anexo_customUnits.pdf Graphic file (type pdf)

<use include/anexo_customUnits.pdf, page 1>
Package pdftex.def Info: include/anexo_customUnits.pdf, page1 used on input lin
e 2689.
(pdftex.def)             Requested size: 597.93192pt x 845.66379pt.
File: include/anexo_customUnits.pdf Graphic file (type pdf)

<use include/anexo_customUnits.pdf, page 1>
Package pdftex.def Info: include/anexo_customUnits.pdf, page1 used on input lin
e 2689.
(pdftex.def)             Requested size: 597.93192pt x 845.66379pt.
File: include/anexo_customUnits.pdf Graphic file (type pdf)

<use include/anexo_customUnits.pdf, page 1>
Package pdftex.def Info: include/anexo_customUnits.pdf, page1 used on input lin
e 2689.
(pdftex.def)             Requested size: 597.93192pt x 845.66379pt.
File: include/anexo_customUnits.pdf Graphic file (type pdf)

<use include/anexo_customUnits.pdf, page 1>
Package pdftex.def Info: include/anexo_customUnits.pdf, page1 used on input lin
e 2689.
(pdftex.def)             Requested size: 597.93192pt x 845.66379pt.
 [71 <./include/anexo_customUnits.pdf>] <include/anexo_customUnits.pdf, id=1113
, page=2, 597.432pt x 844.95674pt>
File: include/anexo_customUnits.pdf Graphic file (type pdf)

<use include/anexo_customUnits.pdf, page 2>
Package pdftex.def Info: include/anexo_customUnits.pdf, page2 used on input lin
e 2689.
(pdftex.def)             Requested size: 597.93192pt x 845.66379pt.
File: include/anexo_customUnits.pdf Graphic file (type pdf)

<use include/anexo_customUnits.pdf, page 2>
Package pdftex.def Info: include/anexo_customUnits.pdf, page2 used on input lin
e 2689.
(pdftex.def)             Requested size: 597.93192pt x 845.66379pt.
File: include/anexo_customUnits.pdf Graphic file (type pdf)

<use include/anexo_customUnits.pdf, page 2>
Package pdftex.def Info: include/anexo_customUnits.pdf, page2 used on input lin
e 2689.
(pdftex.def)             Requested size: 597.93192pt x 845.66379pt.
 [72 <./include/anexo_customUnits.pdf>] <include/anexo_customUnits.pdf, id=1133
, page=3, 597.432pt x 844.95674pt>
File: include/anexo_customUnits.pdf Graphic file (type pdf)

<use include/anexo_customUnits.pdf, page 3>
Package pdftex.def Info: include/anexo_customUnits.pdf, page3 used on input lin
e 2689.
(pdftex.def)             Requested size: 597.93192pt x 845.66379pt.
File: include/anexo_customUnits.pdf Graphic file (type pdf)

<use include/anexo_customUnits.pdf, page 3>
Package pdftex.def Info: include/anexo_customUnits.pdf, page3 used on input lin
e 2689.
(pdftex.def)             Requested size: 597.93192pt x 845.66379pt.
File: include/anexo_customUnits.pdf Graphic file (type pdf)

<use include/anexo_customUnits.pdf, page 3>
Package pdftex.def Info: include/anexo_customUnits.pdf, page3 used on input lin
e 2689.
(pdftex.def)             Requested size: 597.93192pt x 845.66379pt.
 [73 <./include/anexo_customUnits.pdf>] <include/anexo_customUnits.pdf, id=1161
, page=4, 597.432pt x 844.95674pt>
File: include/anexo_customUnits.pdf Graphic file (type pdf)

<use include/anexo_customUnits.pdf, page 4>
Package pdftex.def Info: include/anexo_customUnits.pdf, page4 used on input lin
e 2689.
(pdftex.def)             Requested size: 597.93192pt x 845.66379pt.
File: include/anexo_customUnits.pdf Graphic file (type pdf)

<use include/anexo_customUnits.pdf, page 4>
Package pdftex.def Info: include/anexo_customUnits.pdf, page4 used on input lin
e 2689.
(pdftex.def)             Requested size: 597.93192pt x 845.66379pt.
File: include/anexo_customUnits.pdf Graphic file (type pdf)

<use include/anexo_customUnits.pdf, page 4>
Package pdftex.def Info: include/anexo_customUnits.pdf, page4 used on input lin
e 2689.
(pdftex.def)             Requested size: 597.93192pt x 845.66379pt.
 [74 <./include/anexo_customUnits.pdf>] <include/anexo_customUnits.pdf, id=1169
, page=5, 597.432pt x 844.95674pt>
File: include/anexo_customUnits.pdf Graphic file (type pdf)

<use include/anexo_customUnits.pdf, page 5>
Package pdftex.def Info: include/anexo_customUnits.pdf, page5 used on input lin
e 2689.
(pdftex.def)             Requested size: 597.93192pt x 845.66379pt.
File: include/anexo_customUnits.pdf Graphic file (type pdf)

<use include/anexo_customUnits.pdf, page 5>
Package pdftex.def Info: include/anexo_customUnits.pdf, page5 used on input lin
e 2689.
(pdftex.def)             Requested size: 597.93192pt x 845.66379pt.
File: include/anexo_customUnits.pdf Graphic file (type pdf)

<use include/anexo_customUnits.pdf, page 5>
Package pdftex.def Info: include/anexo_customUnits.pdf, page5 used on input lin
e 2689.
(pdftex.def)             Requested size: 597.93192pt x 845.66379pt.
 [75 <./include/anexo_customUnits.pdf>] <include/anexo_customUnits.pdf, id=1177
, page=6, 597.432pt x 844.95674pt>
File: include/anexo_customUnits.pdf Graphic file (type pdf)

<use include/anexo_customUnits.pdf, page 6>
Package pdftex.def Info: include/anexo_customUnits.pdf, page6 used on input lin
e 2689.
(pdftex.def)             Requested size: 597.93192pt x 845.66379pt.
File: include/anexo_customUnits.pdf Graphic file (type pdf)

<use include/anexo_customUnits.pdf, page 6>
Package pdftex.def Info: include/anexo_customUnits.pdf, page6 used on input lin
e 2689.
(pdftex.def)             Requested size: 597.93192pt x 845.66379pt.
File: include/anexo_customUnits.pdf Graphic file (type pdf)

<use include/anexo_customUnits.pdf, page 6>
Package pdftex.def Info: include/anexo_customUnits.pdf, page6 used on input lin
e 2689.
(pdftex.def)             Requested size: 597.93192pt x 845.66379pt.
 [76 <./include/anexo_customUnits.pdf>] <include/anexo_customUnits.pdf, id=1195
, page=7, 597.432pt x 844.95674pt>
File: include/anexo_customUnits.pdf Graphic file (type pdf)

<use include/anexo_customUnits.pdf, page 7>
Package pdftex.def Info: include/anexo_customUnits.pdf, page7 used on input lin
e 2689.
(pdftex.def)             Requested size: 597.93192pt x 845.66379pt.
File: include/anexo_customUnits.pdf Graphic file (type pdf)

<use include/anexo_customUnits.pdf, page 7>
Package pdftex.def Info: include/anexo_customUnits.pdf, page7 used on input lin
e 2689.
(pdftex.def)             Requested size: 597.93192pt x 845.66379pt.
File: include/anexo_customUnits.pdf Graphic file (type pdf)

<use include/anexo_customUnits.pdf, page 7>
Package pdftex.def Info: include/anexo_customUnits.pdf, page7 used on input lin
e 2689.
(pdftex.def)             Requested size: 597.93192pt x 845.66379pt.
 [77 <./include/anexo_customUnits.pdf>] <include/anexo_customUnits.pdf, id=1205
, page=8, 597.432pt x 844.95674pt>
File: include/anexo_customUnits.pdf Graphic file (type pdf)

<use include/anexo_customUnits.pdf, page 8>
Package pdftex.def Info: include/anexo_customUnits.pdf, page8 used on input lin
e 2689.
(pdftex.def)             Requested size: 597.93192pt x 845.66379pt.
File: include/anexo_customUnits.pdf Graphic file (type pdf)

<use include/anexo_customUnits.pdf, page 8>
Package pdftex.def Info: include/anexo_customUnits.pdf, page8 used on input lin
e 2689.
(pdftex.def)             Requested size: 597.93192pt x 845.66379pt.
File: include/anexo_customUnits.pdf Graphic file (type pdf)

<use include/anexo_customUnits.pdf, page 8>
Package pdftex.def Info: include/anexo_customUnits.pdf, page8 used on input lin
e 2689.
(pdftex.def)             Requested size: 597.93192pt x 845.66379pt.
 [78 <./include/anexo_customUnits.pdf>] <include/anexo_customUnits.pdf, id=1212
, page=9, 597.432pt x 844.95674pt>
File: include/anexo_customUnits.pdf Graphic file (type pdf)

<use include/anexo_customUnits.pdf, page 9>
Package pdftex.def Info: include/anexo_customUnits.pdf, page9 used on input lin
e 2689.
(pdftex.def)             Requested size: 597.93192pt x 845.66379pt.
File: include/anexo_customUnits.pdf Graphic file (type pdf)

<use include/anexo_customUnits.pdf, page 9>
Package pdftex.def Info: include/anexo_customUnits.pdf, page9 used on input lin
e 2689.
(pdftex.def)             Requested size: 597.93192pt x 845.66379pt.
File: include/anexo_customUnits.pdf Graphic file (type pdf)

<use include/anexo_customUnits.pdf, page 9>
Package pdftex.def Info: include/anexo_customUnits.pdf, page9 used on input lin
e 2689.
(pdftex.def)             Requested size: 597.93192pt x 845.66379pt.
 [79 <./include/anexo_customUnits.pdf>] <include/anexo_customUnits.pdf, id=1220
, page=10, 597.432pt x 844.95674pt>
File: include/anexo_customUnits.pdf Graphic file (type pdf)

<use include/anexo_customUnits.pdf, page 10>
Package pdftex.def Info: include/anexo_customUnits.pdf, page10 used on input li
ne 2689.
(pdftex.def)             Requested size: 597.93192pt x 845.66379pt.
File: include/anexo_customUnits.pdf Graphic file (type pdf)

<use include/anexo_customUnits.pdf, page 10>
Package pdftex.def Info: include/anexo_customUnits.pdf, page10 used on input li
ne 2689.
(pdftex.def)             Requested size: 597.93192pt x 845.66379pt.
File: include/anexo_customUnits.pdf Graphic file (type pdf)

<use include/anexo_customUnits.pdf, page 10>
Package pdftex.def Info: include/anexo_customUnits.pdf, page10 used on input li
ne 2689.
(pdftex.def)             Requested size: 597.93192pt x 845.66379pt.
 [80 <./include/anexo_customUnits.pdf>]
<include/anexo_customUnits.pdf, id=1226, page=11, 597.432pt x 844.95674pt>
File: include/anexo_customUnits.pdf Graphic file (type pdf)

<use include/anexo_customUnits.pdf, page 11>
Package pdftex.def Info: include/anexo_customUnits.pdf, page11 used on input li
ne 2689.
(pdftex.def)             Requested size: 597.93192pt x 845.66379pt.
File: include/anexo_customUnits.pdf Graphic file (type pdf)

<use include/anexo_customUnits.pdf, page 11>
Package pdftex.def Info: include/anexo_customUnits.pdf, page11 used on input li
ne 2689.
(pdftex.def)             Requested size: 597.93192pt x 845.66379pt.
File: include/anexo_customUnits.pdf Graphic file (type pdf)

<use include/anexo_customUnits.pdf, page 11>
Package pdftex.def Info: include/anexo_customUnits.pdf, page11 used on input li
ne 2689.
(pdftex.def)             Requested size: 597.93192pt x 845.66379pt.
 [81 <./include/anexo_customUnits.pdf>]
<include/anexo_customUnits.pdf, id=1232, page=12, 597.432pt x 844.95674pt>
File: include/anexo_customUnits.pdf Graphic file (type pdf)

<use include/anexo_customUnits.pdf, page 12>
Package pdftex.def Info: include/anexo_customUnits.pdf, page12 used on input li
ne 2689.
(pdftex.def)             Requested size: 597.93192pt x 845.66379pt.
File: include/anexo_customUnits.pdf Graphic file (type pdf)

<use include/anexo_customUnits.pdf, page 12>
Package pdftex.def Info: include/anexo_customUnits.pdf, page12 used on input li
ne 2689.
(pdftex.def)             Requested size: 597.93192pt x 845.66379pt.
File: include/anexo_customUnits.pdf Graphic file (type pdf)

<use include/anexo_customUnits.pdf, page 12>
Package pdftex.def Info: include/anexo_customUnits.pdf, page12 used on input li
ne 2689.
(pdftex.def)             Requested size: 597.93192pt x 845.66379pt.
 [82 <./include/anexo_customUnits.pdf>]
<include/anexo_customUnits.pdf, id=1250, page=13, 597.432pt x 844.95674pt>
File: include/anexo_customUnits.pdf Graphic file (type pdf)

<use include/anexo_customUnits.pdf, page 13>
Package pdftex.def Info: include/anexo_customUnits.pdf, page13 used on input li
ne 2689.
(pdftex.def)             Requested size: 597.93192pt x 845.66379pt.
File: include/anexo_customUnits.pdf Graphic file (type pdf)

<use include/anexo_customUnits.pdf, page 13>
Package pdftex.def Info: include/anexo_customUnits.pdf, page13 used on input li
ne 2689.
(pdftex.def)             Requested size: 597.93192pt x 845.66379pt.
File: include/anexo_customUnits.pdf Graphic file (type pdf)

<use include/anexo_customUnits.pdf, page 13>
Package pdftex.def Info: include/anexo_customUnits.pdf, page13 used on input li
ne 2689.
(pdftex.def)             Requested size: 597.93192pt x 845.66379pt.
 [83 <./include/anexo_customUnits.pdf>]
<include/anexo_customUnits.pdf, id=1256, page=14, 597.432pt x 844.95674pt>
File: include/anexo_customUnits.pdf Graphic file (type pdf)

<use include/anexo_customUnits.pdf, page 14>
Package pdftex.def Info: include/anexo_customUnits.pdf, page14 used on input li
ne 2689.
(pdftex.def)             Requested size: 597.93192pt x 845.66379pt.
File: include/anexo_customUnits.pdf Graphic file (type pdf)

<use include/anexo_customUnits.pdf, page 14>
Package pdftex.def Info: include/anexo_customUnits.pdf, page14 used on input li
ne 2689.
(pdftex.def)             Requested size: 597.93192pt x 845.66379pt.
File: include/anexo_customUnits.pdf Graphic file (type pdf)

<use include/anexo_customUnits.pdf, page 14>
Package pdftex.def Info: include/anexo_customUnits.pdf, page14 used on input li
ne 2689.
(pdftex.def)             Requested size: 597.93192pt x 845.66379pt.
 [84 <./include/anexo_customUnits.pdf>]
<include/anexo_customUnits.pdf, id=1269, page=15, 597.432pt x 844.95674pt>
File: include/anexo_customUnits.pdf Graphic file (type pdf)

<use include/anexo_customUnits.pdf, page 15>
Package pdftex.def Info: include/anexo_customUnits.pdf, page15 used on input li
ne 2689.
(pdftex.def)             Requested size: 597.93192pt x 845.66379pt.
File: include/anexo_customUnits.pdf Graphic file (type pdf)

<use include/anexo_customUnits.pdf, page 15>
Package pdftex.def Info: include/anexo_customUnits.pdf, page15 used on input li
ne 2689.
(pdftex.def)             Requested size: 597.93192pt x 845.66379pt.
File: include/anexo_customUnits.pdf Graphic file (type pdf)

<use include/anexo_customUnits.pdf, page 15>
Package pdftex.def Info: include/anexo_customUnits.pdf, page15 used on input li
ne 2689.
(pdftex.def)             Requested size: 597.93192pt x 845.66379pt.
 [85 <./include/anexo_customUnits.pdf>]
<include/anexo_customUnits.pdf, id=1278, page=16, 597.432pt x 844.95674pt>
File: include/anexo_customUnits.pdf Graphic file (type pdf)

<use include/anexo_customUnits.pdf, page 16>
Package pdftex.def Info: include/anexo_customUnits.pdf, page16 used on input li
ne 2689.
(pdftex.def)             Requested size: 597.93192pt x 845.66379pt.
File: include/anexo_customUnits.pdf Graphic file (type pdf)

<use include/anexo_customUnits.pdf, page 16>
Package pdftex.def Info: include/anexo_customUnits.pdf, page16 used on input li
ne 2689.
(pdftex.def)             Requested size: 597.93192pt x 845.66379pt.
File: include/anexo_customUnits.pdf Graphic file (type pdf)

<use include/anexo_customUnits.pdf, page 16>
Package pdftex.def Info: include/anexo_customUnits.pdf, page16 used on input li
ne 2689.
(pdftex.def)             Requested size: 597.93192pt x 845.66379pt.
 [86 <./include/anexo_customUnits.pdf>]
<include/anexo_customUnits.pdf, id=1290, page=17, 597.432pt x 844.95674pt>
File: include/anexo_customUnits.pdf Graphic file (type pdf)

<use include/anexo_customUnits.pdf, page 17>
Package pdftex.def Info: include/anexo_customUnits.pdf, page17 used on input li
ne 2689.
(pdftex.def)             Requested size: 597.93192pt x 845.66379pt.
File: include/anexo_customUnits.pdf Graphic file (type pdf)

<use include/anexo_customUnits.pdf, page 17>
Package pdftex.def Info: include/anexo_customUnits.pdf, page17 used on input li
ne 2689.
(pdftex.def)             Requested size: 597.93192pt x 845.66379pt.
File: include/anexo_customUnits.pdf Graphic file (type pdf)

<use include/anexo_customUnits.pdf, page 17>
Package pdftex.def Info: include/anexo_customUnits.pdf, page17 used on input li
ne 2689.
(pdftex.def)             Requested size: 597.93192pt x 845.66379pt.
 [87 <./include/anexo_customUnits.pdf>]
<include/anexo_customUnits.pdf, id=1304, page=18, 597.432pt x 844.95674pt>
File: include/anexo_customUnits.pdf Graphic file (type pdf)

<use include/anexo_customUnits.pdf, page 18>
Package pdftex.def Info: include/anexo_customUnits.pdf, page18 used on input li
ne 2689.
(pdftex.def)             Requested size: 597.93192pt x 845.66379pt.
File: include/anexo_customUnits.pdf Graphic file (type pdf)

<use include/anexo_customUnits.pdf, page 18>
Package pdftex.def Info: include/anexo_customUnits.pdf, page18 used on input li
ne 2689.
(pdftex.def)             Requested size: 597.93192pt x 845.66379pt.
File: include/anexo_customUnits.pdf Graphic file (type pdf)

<use include/anexo_customUnits.pdf, page 18>
Package pdftex.def Info: include/anexo_customUnits.pdf, page18 used on input li
ne 2689.
(pdftex.def)             Requested size: 597.93192pt x 845.66379pt.
 [88 <./include/anexo_customUnits.pdf>]
<include/anexo_customUnits.pdf, id=1317, page=19, 597.432pt x 844.95674pt>
File: include/anexo_customUnits.pdf Graphic file (type pdf)

<use include/anexo_customUnits.pdf, page 19>
Package pdftex.def Info: include/anexo_customUnits.pdf, page19 used on input li
ne 2689.
(pdftex.def)             Requested size: 597.93192pt x 845.66379pt.
File: include/anexo_customUnits.pdf Graphic file (type pdf)

<use include/anexo_customUnits.pdf, page 19>
Package pdftex.def Info: include/anexo_customUnits.pdf, page19 used on input li
ne 2689.
(pdftex.def)             Requested size: 597.93192pt x 845.66379pt.
File: include/anexo_customUnits.pdf Graphic file (type pdf)

<use include/anexo_customUnits.pdf, page 19>
Package pdftex.def Info: include/anexo_customUnits.pdf, page19 used on input li
ne 2689.
(pdftex.def)             Requested size: 597.93192pt x 845.66379pt.
 [89 <./include/anexo_customUnits.pdf>]
<include/anexo_customUnits.pdf, id=1329, page=20, 597.432pt x 844.95674pt>
File: include/anexo_customUnits.pdf Graphic file (type pdf)

<use include/anexo_customUnits.pdf, page 20>
Package pdftex.def Info: include/anexo_customUnits.pdf, page20 used on input li
ne 2689.
(pdftex.def)             Requested size: 597.93192pt x 845.66379pt.
File: include/anexo_customUnits.pdf Graphic file (type pdf)

<use include/anexo_customUnits.pdf, page 20>
Package pdftex.def Info: include/anexo_customUnits.pdf, page20 used on input li
ne 2689.
(pdftex.def)             Requested size: 597.93192pt x 845.66379pt.
File: include/anexo_customUnits.pdf Graphic file (type pdf)

<use include/anexo_customUnits.pdf, page 20>
Package pdftex.def Info: include/anexo_customUnits.pdf, page20 used on input li
ne 2689.
(pdftex.def)             Requested size: 597.93192pt x 845.66379pt.
 [90 <./include/anexo_customUnits.pdf>]
<include/anexo_customUnits.pdf, id=1341, page=21, 597.432pt x 844.95674pt>
File: include/anexo_customUnits.pdf Graphic file (type pdf)

<use include/anexo_customUnits.pdf, page 21>
Package pdftex.def Info: include/anexo_customUnits.pdf, page21 used on input li
ne 2689.
(pdftex.def)             Requested size: 597.93192pt x 845.66379pt.
File: include/anexo_customUnits.pdf Graphic file (type pdf)

<use include/anexo_customUnits.pdf, page 21>
Package pdftex.def Info: include/anexo_customUnits.pdf, page21 used on input li
ne 2689.
(pdftex.def)             Requested size: 597.93192pt x 845.66379pt.
File: include/anexo_customUnits.pdf Graphic file (type pdf)

<use include/anexo_customUnits.pdf, page 21>
Package pdftex.def Info: include/anexo_customUnits.pdf, page21 used on input li
ne 2689.
(pdftex.def)             Requested size: 597.93192pt x 845.66379pt.
 [91 <./include/anexo_customUnits.pdf>]
<include/anexo_customUnits.pdf, id=1347, page=22, 597.432pt x 844.95674pt>
File: include/anexo_customUnits.pdf Graphic file (type pdf)

<use include/anexo_customUnits.pdf, page 22>
Package pdftex.def Info: include/anexo_customUnits.pdf, page22 used on input li
ne 2689.
(pdftex.def)             Requested size: 597.93192pt x 845.66379pt.
File: include/anexo_customUnits.pdf Graphic file (type pdf)

<use include/anexo_customUnits.pdf, page 22>
Package pdftex.def Info: include/anexo_customUnits.pdf, page22 used on input li
ne 2689.
(pdftex.def)             Requested size: 597.93192pt x 845.66379pt.
File: include/anexo_customUnits.pdf Graphic file (type pdf)

<use include/anexo_customUnits.pdf, page 22>
Package pdftex.def Info: include/anexo_customUnits.pdf, page22 used on input li
ne 2689.
(pdftex.def)             Requested size: 597.93192pt x 845.66379pt.
 [92 <./include/anexo_customUnits.pdf>] [93

] (/usr/local/texlive/2011/texmf-dist/tex/latex/listings/lstlang1.sty
File: lstlang1.sty 2004/09/05 1.3 listings language file
)
LaTeX Font Info:    Font shape `T1/pcr/bx/n' in size <10.95> not available
(Font)              Font shape `T1/pcr/b/n' tried instead on input line 2698.

[94

] [95] [96] [97] [98

] [99

] [100] [101] [102] [103

] [104

] [105] [106

]
[107

] [108] (./main.bbl
bibitemlist
[109



] [110])
\tf@thm=\write5
\openout5 = `main.thm'.

 [111]
\tf@toc=\write6
\openout6 = `main.toc'.

\tf@lof=\write7
\openout7 = `main.lof'.

\tf@lot=\write8
\openout8 = `main.lot'.

Package atveryend Info: Empty hook `BeforeClearDocument' on input line 2968.
Package atveryend Info: Empty hook `AfterLastShipout' on input line 2968.
 (./main.aux)
Package atveryend Info: Executing hook `AtVeryEndDocument' on input line 2968.
Package atveryend Info: Executing hook `AtEndAfterFileList' on input line 2968.

Package rerunfilecheck Info: File `main.out' has not changed.
(rerunfilecheck)             Checksum: 8723C3D743E216AD3F68FD59FFF3CB8D;2246.
Package atveryend Info: Empty hook `AtVeryVeryEnd' on input line 2968.
 ) 
Here is how much of TeX's memory you used:
 15682 strings out of 493633
 221657 string characters out of 3143378
 483728 words of memory out of 3000000
 18132 multiletter control sequences out of 15000+200000
 115409 words of font info for 148 fonts, out of 3000000 for 9000
 831 hyphenation exceptions out of 8191
 43i,18n,51p,277b,2080s stack positions out of 5000i,500n,10000p,200000b,50000s
{/usr/local/texlive/2011/texmf-dist/fonts/enc/dvips/base/8r.enc}</usr/local/t
exlive/2011/texmf-dist/fonts/type1/public/amsfonts/cm/cmsy10.pfb></usr/local/te
xlive/2011/texmf-dist/fonts/type1/urw/courier/ucrb8a.pfb></usr/local/texlive/20
11/texmf-dist/fonts/type1/urw/courier/ucrr8a.pfb></usr/local/texlive/2011/texmf
-dist/fonts/type1/urw/helvetic/uhvb8a.pfb></usr/local/texlive/2011/texmf-dist/f
onts/type1/urw/helvetic/uhvr8a.pfb></usr/local/texlive/2011/texmf-dist/fonts/ty
pe1/urw/palatino/uplb8a.pfb></usr/local/texlive/2011/texmf-dist/fonts/type1/urw
/palatino/uplr8a.pfb></usr/local/texlive/2011/texmf-dist/fonts/type1/urw/times/
utmb8a.pfb></usr/local/texlive/2011/texmf-dist/fonts/type1/urw/times/utmbi8a.pf
b></usr/local/texlive/2011/texmf-dist/fonts/type1/urw/times/utmr8a.pfb></usr/lo
cal/texlive/2011/texmf-dist/fonts/type1/urw/times/utmri8a.pfb>
Output written on main.pdf (120 pages, 4304452 bytes).
PDF statistics:
 1825 PDF objects out of 2073 (max. 8388607)
 1511 compressed objects within 16 object streams
 548 named destinations out of 1000 (max. 500000)
 623 words of extra memory for PDF output out of 10000 (max. 10000000)

